e:\v8-js\node-v9.3.0\deps\v8\src\debug\obj\global_intermediate\src\inspector\protocol\forward.h
e:\v8-js\node-v9.3.0\deps\v8\src\debug\obj\global_intermediate\src\inspector\protocol\protocol.cpp
e:\v8-js\node-v9.3.0\deps\v8\src\debug\obj\global_intermediate\src\inspector\protocol\protocol.h
e:\v8-js\node-v9.3.0\deps\v8\src\debug\obj\global_intermediate\src\inspector\protocol\console.cpp
e:\v8-js\node-v9.3.0\deps\v8\src\debug\obj\global_intermediate\src\inspector\protocol\console.h
e:\v8-js\node-v9.3.0\deps\v8\src\debug\obj\global_intermediate\src\inspector\protocol\debugger.cpp
e:\v8-js\node-v9.3.0\deps\v8\src\debug\obj\global_intermediate\src\inspector\protocol\debugger.h
e:\v8-js\node-v9.3.0\deps\v8\src\debug\obj\global_intermediate\src\inspector\protocol\heapprofiler.cpp
e:\v8-js\node-v9.3.0\deps\v8\src\debug\obj\global_intermediate\src\inspector\protocol\heapprofiler.h
e:\v8-js\node-v9.3.0\deps\v8\src\debug\obj\global_intermediate\src\inspector\protocol\profiler.cpp
e:\v8-js\node-v9.3.0\deps\v8\src\debug\obj\global_intermediate\src\inspector\protocol\profiler.h
e:\v8-js\node-v9.3.0\deps\v8\src\debug\obj\global_intermediate\src\inspector\protocol\runtime.cpp
e:\v8-js\node-v9.3.0\deps\v8\src\debug\obj\global_intermediate\src\inspector\protocol\runtime.h
e:\v8-js\node-v9.3.0\deps\v8\src\debug\obj\global_intermediate\src\inspector\protocol\schema.cpp
e:\v8-js\node-v9.3.0\deps\v8\src\debug\obj\global_intermediate\src\inspector\protocol\schema.h
e:\v8-js\node-v9.3.0\deps\v8\src\debug\obj\global_intermediate\include\inspector\debugger.h
e:\v8-js\node-v9.3.0\deps\v8\src\debug\obj\global_intermediate\include\inspector\runtime.h
e:\v8-js\node-v9.3.0\deps\v8\src\debug\obj\global_intermediate\include\inspector\schema.h
e:\v8-js\node-v9.3.0\deps\v8\src\inspector\debug\obj\protocol_generated_sources\protocol.2013f773.tlog\custombuild.command.1.tlog
e:\v8-js\node-v9.3.0\deps\v8\src\inspector\debug\obj\protocol_generated_sources\protocol.2013f773.tlog\custombuild.read.1.tlog
e:\v8-js\node-v9.3.0\deps\v8\src\inspector\debug\obj\protocol_generated_sources\protocol.2013f773.tlog\custombuild.write.1.tlog
