e:\v8-js\node-v9.3.0\tools\icu\release\obj\icutools\denseranges.obj
e:\v8-js\node-v9.3.0\tools\icu\release\obj\icutools\flagparser.obj
e:\v8-js\node-v9.3.0\tools\icu\release\obj\icutools\pkgitems.obj
e:\v8-js\node-v9.3.0\tools\icu\release\obj\icutools\toolutil.obj
e:\v8-js\node-v9.3.0\tools\icu\release\obj\icutools\ucln_tu.obj
e:\v8-js\node-v9.3.0\tools\icu\release\obj\icutools\ucm.obj
e:\v8-js\node-v9.3.0\tools\icu\release\obj\icutools\ucmstate.obj
e:\v8-js\node-v9.3.0\tools\icu\release\obj\icutools\uparse.obj
e:\v8-js\node-v9.3.0\tools\icu\release\obj\icutools\appendable.obj
e:\v8-js\node-v9.3.0\tools\icu\release\obj\icutools\bmpset.obj
e:\v8-js\node-v9.3.0\tools\icu\release\obj\icutools\bytestream.obj
e:\v8-js\node-v9.3.0\tools\icu\release\obj\icutools\caniter.obj
e:\v8-js\node-v9.3.0\tools\icu\release\obj\icutools\cstring.obj
e:\v8-js\node-v9.3.0\tools\icu\release\obj\icutools\cwchar.obj
e:\v8-js\node-v9.3.0\tools\icu\release\obj\icutools\dictbe.obj
e:\v8-js\node-v9.3.0\tools\icu\release\obj\icutools\icuplug.obj
e:\v8-js\node-v9.3.0\tools\icu\release\obj\icutools\loadednormalizer2impl.obj
e:\v8-js\node-v9.3.0\tools\icu\release\obj\icutools\locid.obj
e:\v8-js\node-v9.3.0\tools\icu\release\obj\icutools\messagepattern.obj
e:\v8-js\node-v9.3.0\tools\icu\release\obj\icutools\normlzr.obj
e:\v8-js\node-v9.3.0\tools\icu\release\obj\icutools\rbbidata.obj
e:\v8-js\node-v9.3.0\tools\icu\release\obj\icutools\rbbisetb.obj
e:\v8-js\node-v9.3.0\tools\icu\release\obj\icutools\resbund.obj
e:\v8-js\node-v9.3.0\tools\icu\release\obj\icutools\ruleiter.obj
e:\v8-js\node-v9.3.0\tools\icu\release\obj\icutools\uarrsort.obj
e:\v8-js\node-v9.3.0\tools\icu\release\obj\icutools\ubidi.obj
e:\v8-js\node-v9.3.0\tools\icu\release\obj\icutools\ubidiwrt.obj
e:\v8-js\node-v9.3.0\tools\icu\release\obj\icutools\ubrk.obj
e:\v8-js\node-v9.3.0\tools\icu\release\obj\icutools\ucat.obj
e:\v8-js\node-v9.3.0\tools\icu\release\obj\icutools\uchriter.obj
e:\v8-js\node-v9.3.0\tools\icu\release\obj\icutools\ucnvbocu.obj
e:\v8-js\node-v9.3.0\tools\icu\release\obj\icutools\ucnvmbcs.obj
e:\v8-js\node-v9.3.0\tools\icu\release\obj\icutools\ucnv_cb.obj
e:\v8-js\node-v9.3.0\tools\icu\release\obj\icutools\ucnv_cnv.obj
e:\v8-js\node-v9.3.0\tools\icu\release\obj\icutools\ucnv_ext.obj
e:\v8-js\node-v9.3.0\tools\icu\release\obj\icutools\ucnv_lmb.obj
e:\v8-js\node-v9.3.0\tools\icu\release\obj\icutools\ucnv_set.obj
e:\v8-js\node-v9.3.0\tools\icu\release\obj\icutools\ucnv_u16.obj
e:\v8-js\node-v9.3.0\tools\icu\release\obj\icutools\ucnv_u8.obj
e:\v8-js\node-v9.3.0\tools\icu\release\obj\icutools\udata.obj
e:\v8-js\node-v9.3.0\tools\icu\release\obj\icutools\ulist.obj
e:\v8-js\node-v9.3.0\tools\icu\release\obj\icutools\uloc.obj
e:\v8-js\node-v9.3.0\tools\icu\release\obj\icutools\unames.obj
e:\v8-js\node-v9.3.0\tools\icu\release\obj\icutools\unisetspan.obj
e:\v8-js\node-v9.3.0\tools\icu\release\obj\icutools\unistr.obj
e:\v8-js\node-v9.3.0\tools\icu\release\obj\icutools\unistr_props.obj
e:\v8-js\node-v9.3.0\tools\icu\release\obj\icutools\uobject.obj
e:\v8-js\node-v9.3.0\tools\icu\release\obj\icutools\uprops.obj
e:\v8-js\node-v9.3.0\tools\icu\release\obj\icutools\usc_impl.obj
e:\v8-js\node-v9.3.0\tools\icu\release\obj\icutools\uset.obj
e:\v8-js\node-v9.3.0\tools\icu\release\obj\icutools\usprep.obj
e:\v8-js\node-v9.3.0\tools\icu\release\obj\icutools\ustr_titlecase_brkiter.obj
e:\v8-js\node-v9.3.0\tools\icu\release\obj\icutools\utrie2_builder.obj
e:\v8-js\node-v9.3.0\tools\icu\release\obj\icutools\wintz.obj
e:\v8-js\node-v9.3.0\tools\icu\release\obj\icutools\basictz.obj
e:\v8-js\node-v9.3.0\tools\icu\release\obj\icutools\casetrn.obj
e:\v8-js\node-v9.3.0\tools\icu\release\obj\icutools\coleitr.obj
e:\v8-js\node-v9.3.0\tools\icu\release\obj\icutools\collationdata.obj
e:\v8-js\node-v9.3.0\tools\icu\release\obj\icutools\collationfastlatinbuilder.obj
e:\v8-js\node-v9.3.0\tools\icu\release\obj\icutools\collationrootelements.obj
e:\v8-js\node-v9.3.0\tools\icu\release\obj\icutools\collationruleparser.obj
e:\v8-js\node-v9.3.0\tools\icu\release\obj\icutools\collationweights.obj
e:\v8-js\node-v9.3.0\tools\icu\release\obj\icutools\compactdecimalformat.obj
e:\v8-js\node-v9.3.0\tools\icu\release\obj\icutools\csr2022.obj
e:\v8-js\node-v9.3.0\tools\icu\release\obj\icutools\csrecog.obj
e:\v8-js\node-v9.3.0\tools\icu\release\obj\icutools\csrmbcs.obj
e:\v8-js\node-v9.3.0\tools\icu\release\obj\icutools\currpinf.obj
e:\v8-js\node-v9.3.0\tools\icu\release\obj\icutools\dcfmtsym.obj
e:\v8-js\node-v9.3.0\tools\icu\release\obj\icutools\decimalformatpattern.obj
e:\v8-js\node-v9.3.0\tools\icu\release\obj\icutools\digitaffix.obj
e:\v8-js\node-v9.3.0\tools\icu\release\obj\icutools\dtfmtsym.obj
e:\v8-js\node-v9.3.0\tools\icu\release\obj\icutools\dtrule.obj
e:\v8-js\node-v9.3.0\tools\icu\release\obj\icutools\fmtable_cnv.obj
e:\v8-js\node-v9.3.0\tools\icu\release\obj\icutools\format.obj
e:\v8-js\node-v9.3.0\tools\icu\release\obj\icutools\gregoimp.obj
e:\v8-js\node-v9.3.0\tools\icu\release\obj\icutools\japancal.obj
e:\v8-js\node-v9.3.0\tools\icu\release\obj\icutools\msgfmt.obj
e:\v8-js\node-v9.3.0\tools\icu\release\obj\icutools\nfsubs.obj
e:\v8-js\node-v9.3.0\tools\icu\release\obj\icutools\number_decimfmtprops.obj
e:\v8-js\node-v9.3.0\tools\icu\release\obj\icutools\number_integerwidth.obj
e:\v8-js\node-v9.3.0\tools\icu\release\obj\icutools\number_longnames.obj
e:\v8-js\node-v9.3.0\tools\icu\release\obj\icutools\number_scientific.obj
e:\v8-js\node-v9.3.0\tools\icu\release\obj\icutools\persncal.obj
e:\v8-js\node-v9.3.0\tools\icu\release\obj\icutools\quant.obj
e:\v8-js\node-v9.3.0\tools\icu\release\obj\icutools\rbtz.obj
e:\v8-js\node-v9.3.0\tools\icu\release\obj\icutools\regexcmp.obj
e:\v8-js\node-v9.3.0\tools\icu\release\obj\icutools\regeximp.obj
e:\v8-js\node-v9.3.0\tools\icu\release\obj\icutools\regexst.obj
e:\v8-js\node-v9.3.0\tools\icu\release\obj\icutools\regextxt.obj
e:\v8-js\node-v9.3.0\tools\icu\release\obj\icutools\rematch.obj
e:\v8-js\node-v9.3.0\tools\icu\release\obj\icutools\remtrans.obj
e:\v8-js\node-v9.3.0\tools\icu\release\obj\icutools\scriptset.obj
e:\v8-js\node-v9.3.0\tools\icu\release\obj\icutools\simpletz.obj
e:\v8-js\node-v9.3.0\tools\icu\release\obj\icutools\standardplural.obj
e:\v8-js\node-v9.3.0\tools\icu\release\obj\icutools\stsearch.obj
e:\v8-js\node-v9.3.0\tools\icu\release\obj\icutools\tmunit.obj
e:\v8-js\node-v9.3.0\tools\icu\release\obj\icutools\translit.obj
e:\v8-js\node-v9.3.0\tools\icu\release\obj\icutools\tznames.obj
e:\v8-js\node-v9.3.0\tools\icu\release\obj\icutools\ucln_in.obj
e:\v8-js\node-v9.3.0\tools\icu\release\obj\icutools\ucoleitr.obj
e:\v8-js\node-v9.3.0\tools\icu\release\obj\icutools\udateintervalformat.obj
e:\v8-js\node-v9.3.0\tools\icu\release\obj\icutools\umsg.obj
e:\v8-js\node-v9.3.0\tools\icu\release\obj\icutools\upluralrules.obj
e:\v8-js\node-v9.3.0\tools\icu\release\obj\icutools\uspoof.obj
e:\v8-js\node-v9.3.0\tools\icu\release\obj\icutools\utmscale.obj
e:\v8-js\node-v9.3.0\tools\icu\release\obj\icutools\utrans.obj
e:\v8-js\node-v9.3.0\tools\icu\release\obj\icutools\winnmfmt.obj
e:\v8-js\node-v9.3.0\tools\icu\release\obj\icutools\ztrans.obj
e:\v8-js\node-v9.3.0\tools\icu\release\obj\icutools\stubdata.obj
e:\v8-js\node-v9.3.0\tools\icu\release\obj\icutools\filestrm.obj
e:\v8-js\node-v9.3.0\tools\icu\release\obj\icutools\package.obj
e:\v8-js\node-v9.3.0\tools\icu\release\obj\icutools\pkg_genc.obj
e:\v8-js\node-v9.3.0\tools\icu\release\obj\icutools\pkg_gencmn.obj
e:\v8-js\node-v9.3.0\tools\icu\release\obj\icutools\ppucd.obj
e:\v8-js\node-v9.3.0\tools\icu\release\obj\icutools\uoptions.obj
e:\v8-js\node-v9.3.0\tools\icu\release\obj\icutools\xmlparser.obj
e:\v8-js\node-v9.3.0\tools\icu\release\obj\icutools\bytesinkutil.obj
e:\v8-js\node-v9.3.0\tools\icu\release\obj\icutools\bytestriebuilder.obj
e:\v8-js\node-v9.3.0\tools\icu\release\obj\icutools\cmemory.obj
e:\v8-js\node-v9.3.0\tools\icu\release\obj\icutools\cstr.obj
e:\v8-js\node-v9.3.0\tools\icu\release\obj\icutools\filterednormalizer2.obj
e:\v8-js\node-v9.3.0\tools\icu\release\obj\icutools\locavailable.obj
e:\v8-js\node-v9.3.0\tools\icu\release\obj\icutools\loclikely.obj
e:\v8-js\node-v9.3.0\tools\icu\release\obj\icutools\locutil.obj
e:\v8-js\node-v9.3.0\tools\icu\release\obj\icutools\parsepos.obj
e:\v8-js\node-v9.3.0\tools\icu\release\obj\icutools\patternprops.obj
e:\v8-js\node-v9.3.0\tools\icu\release\obj\icutools\pluralmap.obj
e:\v8-js\node-v9.3.0\tools\icu\release\obj\icutools\punycode.obj
e:\v8-js\node-v9.3.0\tools\icu\release\obj\icutools\putil.obj
e:\v8-js\node-v9.3.0\tools\icu\release\obj\icutools\rbbirb.obj
e:\v8-js\node-v9.3.0\tools\icu\release\obj\icutools\rbbitblb.obj
e:\v8-js\node-v9.3.0\tools\icu\release\obj\icutools\resource.obj
e:\v8-js\node-v9.3.0\tools\icu\release\obj\icutools\stringtriebuilder.obj
e:\v8-js\node-v9.3.0\tools\icu\release\obj\icutools\ubidiln.obj
e:\v8-js\node-v9.3.0\tools\icu\release\obj\icutools\ubiditransform.obj
e:\v8-js\node-v9.3.0\tools\icu\release\obj\icutools\ubidi_props.obj
e:\v8-js\node-v9.3.0\tools\icu\release\obj\icutools\ucase.obj
e:\v8-js\node-v9.3.0\tools\icu\release\obj\icutools\ucharstrie.obj
e:\v8-js\node-v9.3.0\tools\icu\release\obj\icutools\ucln_cmn.obj
e:\v8-js\node-v9.3.0\tools\icu\release\obj\icutools\ucnvisci.obj
e:\v8-js\node-v9.3.0\tools\icu\release\obj\icutools\ucnvscsu.obj
e:\v8-js\node-v9.3.0\tools\icu\release\obj\icutools\ucnv_bld.obj
e:\v8-js\node-v9.3.0\tools\icu\release\obj\icutools\ucnv_ct.obj
e:\v8-js\node-v9.3.0\tools\icu\release\obj\icutools\ucnv_err.obj
e:\v8-js\node-v9.3.0\tools\icu\release\obj\icutools\ucnv_io.obj
e:\v8-js\node-v9.3.0\tools\icu\release\obj\icutools\ucnv_u7.obj
e:\v8-js\node-v9.3.0\tools\icu\release\obj\icutools\ucol_swp.obj
e:\v8-js\node-v9.3.0\tools\icu\release\obj\icutools\uhash.obj
e:\v8-js\node-v9.3.0\tools\icu\release\obj\icutools\uidna.obj
e:\v8-js\node-v9.3.0\tools\icu\release\obj\icutools\uinit.obj
e:\v8-js\node-v9.3.0\tools\icu\release\obj\icutools\uinvchar.obj
e:\v8-js\node-v9.3.0\tools\icu\release\obj\icutools\uloc_keytype.obj
e:\v8-js\node-v9.3.0\tools\icu\release\obj\icutools\unifiedcache.obj
e:\v8-js\node-v9.3.0\tools\icu\release\obj\icutools\uniset_props.obj
e:\v8-js\node-v9.3.0\tools\icu\release\obj\icutools\unorm.obj
e:\v8-js\node-v9.3.0\tools\icu\release\obj\icutools\uresdata.obj
e:\v8-js\node-v9.3.0\tools\icu\release\obj\icutools\usetiter.obj
e:\v8-js\node-v9.3.0\tools\icu\release\obj\icutools\ustack.obj
e:\v8-js\node-v9.3.0\tools\icu\release\obj\icutools\ustrcase_locale.obj
e:\v8-js\node-v9.3.0\tools\icu\release\obj\icutools\ustring.obj
e:\v8-js\node-v9.3.0\tools\icu\release\obj\icutools\ustrtrns.obj
e:\v8-js\node-v9.3.0\tools\icu\release\obj\icutools\ustr_wcs.obj
e:\v8-js\node-v9.3.0\tools\icu\release\obj\icutools\utext.obj
e:\v8-js\node-v9.3.0\tools\icu\release\obj\icutools\utrace.obj
e:\v8-js\node-v9.3.0\tools\icu\release\obj\icutools\utrie.obj
e:\v8-js\node-v9.3.0\tools\icu\release\obj\icutools\utrie2.obj
e:\v8-js\node-v9.3.0\tools\icu\release\obj\icutools\utypes.obj
e:\v8-js\node-v9.3.0\tools\icu\release\obj\icutools\uvector.obj
e:\v8-js\node-v9.3.0\tools\icu\release\obj\icutools\uvectr32.obj
e:\v8-js\node-v9.3.0\tools\icu\release\obj\icutools\uvectr64.obj
e:\v8-js\node-v9.3.0\tools\icu\release\obj\icutools\affixpatternparser.obj
e:\v8-js\node-v9.3.0\tools\icu\release\obj\icutools\astro.obj
e:\v8-js\node-v9.3.0\tools\icu\release\obj\icutools\calendar.obj
e:\v8-js\node-v9.3.0\tools\icu\release\obj\icutools\chnsecal.obj
e:\v8-js\node-v9.3.0\tools\icu\release\obj\icutools\collationbuilder.obj
e:\v8-js\node-v9.3.0\tools\icu\release\obj\icutools\collationdatawriter.obj
e:\v8-js\node-v9.3.0\tools\icu\release\obj\icutools\collationiterator.obj
e:\v8-js\node-v9.3.0\tools\icu\release\obj\icutools\collationsets.obj
e:\v8-js\node-v9.3.0\tools\icu\release\obj\icutools\coptccal.obj
e:\v8-js\node-v9.3.0\tools\icu\release\obj\icutools\csrucode.obj
e:\v8-js\node-v9.3.0\tools\icu\release\obj\icutools\curramt.obj
e:\v8-js\node-v9.3.0\tools\icu\release\obj\icutools\datefmt.obj
e:\v8-js\node-v9.3.0\tools\icu\release\obj\icutools\decimfmtimpl.obj
e:\v8-js\node-v9.3.0\tools\icu\release\obj\icutools\digitformatter.obj
e:\v8-js\node-v9.3.0\tools\icu\release\obj\icutools\dtitvinf.obj
e:\v8-js\node-v9.3.0\tools\icu\release\obj\icutools\esctrn.obj
e:\v8-js\node-v9.3.0\tools\icu\release\obj\icutools\funcrepl.obj
e:\v8-js\node-v9.3.0\tools\icu\release\obj\icutools\hebrwcal.obj
e:\v8-js\node-v9.3.0\tools\icu\release\obj\icutools\measfmt.obj
e:\v8-js\node-v9.3.0\tools\icu\release\obj\icutools\nfrule.obj
e:\v8-js\node-v9.3.0\tools\icu\release\obj\icutools\nultrans.obj
e:\v8-js\node-v9.3.0\tools\icu\release\obj\icutools\number_decimalquantity.obj
e:\v8-js\node-v9.3.0\tools\icu\release\obj\icutools\number_grouping.obj
e:\v8-js\node-v9.3.0\tools\icu\release\obj\icutools\number_notation.obj
e:\v8-js\node-v9.3.0\tools\icu\release\obj\icutools\number_patternmodifier.obj
e:\v8-js\node-v9.3.0\tools\icu\release\obj\icutools\number_stringbuilder.obj
e:\v8-js\node-v9.3.0\tools\icu\release\obj\icutools\olsontz.obj
e:\v8-js\node-v9.3.0\tools\icu\release\obj\icutools\plurrule.obj
e:\v8-js\node-v9.3.0\tools\icu\release\obj\icutools\rbnf.obj
e:\v8-js\node-v9.3.0\tools\icu\release\obj\icutools\rbt_pars.obj
e:\v8-js\node-v9.3.0\tools\icu\release\obj\icutools\region.obj
e:\v8-js\node-v9.3.0\tools\icu\release\obj\icutools\repattrn.obj
e:\v8-js\node-v9.3.0\tools\icu\release\obj\icutools\rulebasedcollator.obj
e:\v8-js\node-v9.3.0\tools\icu\release\obj\icutools\sharedbreakiterator.obj
e:\v8-js\node-v9.3.0\tools\icu\release\obj\icutools\smpdtfst.obj
e:\v8-js\node-v9.3.0\tools\icu\release\obj\icutools\strrepl.obj
e:\v8-js\node-v9.3.0\tools\icu\release\obj\icutools\titletrn.obj
e:\v8-js\node-v9.3.0\tools\icu\release\obj\icutools\tolowtrn.obj
e:\v8-js\node-v9.3.0\tools\icu\release\obj\icutools\transreg.obj
e:\v8-js\node-v9.3.0\tools\icu\release\obj\icutools\tzgnames.obj
e:\v8-js\node-v9.3.0\tools\icu\release\obj\icutools\tztrans.obj
e:\v8-js\node-v9.3.0\tools\icu\release\obj\icutools\ucol_res.obj
e:\v8-js\node-v9.3.0\tools\icu\release\obj\icutools\ufieldpositer.obj
e:\v8-js\node-v9.3.0\tools\icu\release\obj\icutools\uitercollationiterator.obj
e:\v8-js\node-v9.3.0\tools\icu\release\obj\icutools\uni2name.obj
e:\v8-js\node-v9.3.0\tools\icu\release\obj\icutools\uregex.obj
e:\v8-js\node-v9.3.0\tools\icu\release\obj\icutools\uregexc.obj
e:\v8-js\node-v9.3.0\tools\icu\release\obj\icutools\uspoof_conf.obj
e:\v8-js\node-v9.3.0\tools\icu\release\obj\icutools\utf16collationiterator.obj
e:\v8-js\node-v9.3.0\tools\icu\release\obj\icutools\visibledigits.obj
e:\v8-js\node-v9.3.0\tools\icu\release\obj\icutools\windtfmt.obj
e:\v8-js\node-v9.3.0\tools\icu\release\obj\icutools\zrule.obj
e:\v8-js\node-v9.3.0\tools\icu\release\obj\icutools\collationinfo.obj
e:\v8-js\node-v9.3.0\tools\icu\release\obj\icutools\ucbuf.obj
e:\v8-js\node-v9.3.0\tools\icu\release\obj\icutools\unewdata.obj
e:\v8-js\node-v9.3.0\tools\icu\release\obj\icutools\writesrc.obj
e:\v8-js\node-v9.3.0\tools\icu\release\obj\icutools\brkeng.obj
e:\v8-js\node-v9.3.0\tools\icu\release\obj\icutools\bytestrie.obj
e:\v8-js\node-v9.3.0\tools\icu\release\obj\icutools\chariter.obj
e:\v8-js\node-v9.3.0\tools\icu\release\obj\icutools\dictionarydata.obj
e:\v8-js\node-v9.3.0\tools\icu\release\obj\icutools\icudataver.obj
e:\v8-js\node-v9.3.0\tools\icu\release\obj\icutools\locbased.obj
e:\v8-js\node-v9.3.0\tools\icu\release\obj\icutools\locdispnames.obj
e:\v8-js\node-v9.3.0\tools\icu\release\obj\icutools\locmap.obj
e:\v8-js\node-v9.3.0\tools\icu\release\obj\icutools\locresdata.obj
e:\v8-js\node-v9.3.0\tools\icu\release\obj\icutools\normalizer2impl.obj
e:\v8-js\node-v9.3.0\tools\icu\release\obj\icutools\propsvec.obj
e:\v8-js\node-v9.3.0\tools\icu\release\obj\icutools\rbbi.obj
e:\v8-js\node-v9.3.0\tools\icu\release\obj\icutools\rbbiscan.obj
e:\v8-js\node-v9.3.0\tools\icu\release\obj\icutools\rbbi_cache.obj
e:\v8-js\node-v9.3.0\tools\icu\release\obj\icutools\schriter.obj
e:\v8-js\node-v9.3.0\tools\icu\release\obj\icutools\stringpiece.obj
e:\v8-js\node-v9.3.0\tools\icu\release\obj\icutools\ucasemap.obj
e:\v8-js\node-v9.3.0\tools\icu\release\obj\icutools\uchar.obj
e:\v8-js\node-v9.3.0\tools\icu\release\obj\icutools\ucharstriebuilder.obj
e:\v8-js\node-v9.3.0\tools\icu\release\obj\icutools\ucnv2022.obj
e:\v8-js\node-v9.3.0\tools\icu\release\obj\icutools\ucnvhz.obj
e:\v8-js\node-v9.3.0\tools\icu\release\obj\icutools\ucnvlat1.obj
e:\v8-js\node-v9.3.0\tools\icu\release\obj\icutools\ucnvsel.obj
e:\v8-js\node-v9.3.0\tools\icu\release\obj\icutools\udatamem.obj
e:\v8-js\node-v9.3.0\tools\icu\release\obj\icutools\udataswp.obj
e:\v8-js\node-v9.3.0\tools\icu\release\obj\icutools\uenum.obj
e:\v8-js\node-v9.3.0\tools\icu\release\obj\icutools\uhash_us.obj
e:\v8-js\node-v9.3.0\tools\icu\release\obj\icutools\ulistformatter.obj
e:\v8-js\node-v9.3.0\tools\icu\release\obj\icutools\umapfile.obj
e:\v8-js\node-v9.3.0\tools\icu\release\obj\icutools\umath.obj
e:\v8-js\node-v9.3.0\tools\icu\release\obj\icutools\umutex.obj
e:\v8-js\node-v9.3.0\tools\icu\release\obj\icutools\unifilt.obj
e:\v8-js\node-v9.3.0\tools\icu\release\obj\icutools\unifunct.obj
e:\v8-js\node-v9.3.0\tools\icu\release\obj\icutools\uniset.obj
e:\v8-js\node-v9.3.0\tools\icu\release\obj\icutools\unistr_case.obj
e:\v8-js\node-v9.3.0\tools\icu\release\obj\icutools\unistr_cnv.obj
e:\v8-js\node-v9.3.0\tools\icu\release\obj\icutools\unormcmp.obj
e:\v8-js\node-v9.3.0\tools\icu\release\obj\icutools\ures_cnv.obj
e:\v8-js\node-v9.3.0\tools\icu\release\obj\icutools\uset_props.obj
e:\v8-js\node-v9.3.0\tools\icu\release\obj\icutools\ustrenum.obj
e:\v8-js\node-v9.3.0\tools\icu\release\obj\icutools\util_props.obj
e:\v8-js\node-v9.3.0\tools\icu\release\obj\icutools\alphaindex.obj
e:\v8-js\node-v9.3.0\tools\icu\release\obj\icutools\bocsu.obj
e:\v8-js\node-v9.3.0\tools\icu\release\obj\icutools\buddhcal.obj
e:\v8-js\node-v9.3.0\tools\icu\release\obj\icutools\choicfmt.obj
e:\v8-js\node-v9.3.0\tools\icu\release\obj\icutools\collation.obj
e:\v8-js\node-v9.3.0\tools\icu\release\obj\icutools\collationcompare.obj
e:\v8-js\node-v9.3.0\tools\icu\release\obj\icutools\collationdatareader.obj
e:\v8-js\node-v9.3.0\tools\icu\release\obj\icutools\collationfcd.obj
e:\v8-js\node-v9.3.0\tools\icu\release\obj\icutools\collationkeys.obj
e:\v8-js\node-v9.3.0\tools\icu\release\obj\icutools\collationtailoring.obj
e:\v8-js\node-v9.3.0\tools\icu\release\obj\icutools\cpdtrans.obj
e:\v8-js\node-v9.3.0\tools\icu\release\obj\icutools\csrsbcs.obj
e:\v8-js\node-v9.3.0\tools\icu\release\obj\icutools\csrutf8.obj
e:\v8-js\node-v9.3.0\tools\icu\release\obj\icutools\currunit.obj
e:\v8-js\node-v9.3.0\tools\icu\release\obj\icutools\dangical.obj
e:\v8-js\node-v9.3.0\tools\icu\release\obj\icutools\deccontext.obj
e:\v8-js\node-v9.3.0\tools\icu\release\obj\icutools\decimfmt.obj
e:\v8-js\node-v9.3.0\tools\icu\release\obj\icutools\decnumber.obj
e:\v8-js\node-v9.3.0\tools\icu\release\obj\icutools\digitaffixesandpadding.obj
e:\v8-js\node-v9.3.0\tools\icu\release\obj\icutools\dtitvfmt.obj
e:\v8-js\node-v9.3.0\tools\icu\release\obj\icutools\ethpccal.obj
e:\v8-js\node-v9.3.0\tools\icu\release\obj\icutools\fphdlimp.obj
e:\v8-js\node-v9.3.0\tools\icu\release\obj\icutools\fpositer.obj
e:\v8-js\node-v9.3.0\tools\icu\release\obj\icutools\gender.obj
e:\v8-js\node-v9.3.0\tools\icu\release\obj\icutools\indiancal.obj
e:\v8-js\node-v9.3.0\tools\icu\release\obj\icutools\measure.obj
e:\v8-js\node-v9.3.0\tools\icu\release\obj\icutools\name2uni.obj
e:\v8-js\node-v9.3.0\tools\icu\release\obj\icutools\nortrans.obj
e:\v8-js\node-v9.3.0\tools\icu\release\obj\icutools\number_affixutils.obj
e:\v8-js\node-v9.3.0\tools\icu\release\obj\icutools\number_formatimpl.obj
e:\v8-js\node-v9.3.0\tools\icu\release\obj\icutools\number_padding.obj
e:\v8-js\node-v9.3.0\tools\icu\release\obj\icutools\number_patternstring.obj
e:\v8-js\node-v9.3.0\tools\icu\release\obj\icutools\numfmt.obj
e:\v8-js\node-v9.3.0\tools\icu\release\obj\icutools\plurfmt.obj
e:\v8-js\node-v9.3.0\tools\icu\release\obj\icutools\quantityformatter.obj
e:\v8-js\node-v9.3.0\tools\icu\release\obj\icutools\rbt_data.obj
e:\v8-js\node-v9.3.0\tools\icu\release\obj\icutools\rbt_set.obj
e:\v8-js\node-v9.3.0\tools\icu\release\obj\icutools\reldtfmt.obj
e:\v8-js\node-v9.3.0\tools\icu\release\obj\icutools\search.obj
e:\v8-js\node-v9.3.0\tools\icu\release\obj\icutools\smpdtfmt.obj
e:\v8-js\node-v9.3.0\tools\icu\release\obj\icutools\taiwncal.obj
e:\v8-js\node-v9.3.0\tools\icu\release\obj\icutools\tmutamt.obj
e:\v8-js\node-v9.3.0\tools\icu\release\obj\icutools\toupptrn.obj
e:\v8-js\node-v9.3.0\tools\icu\release\obj\icutools\tzfmt.obj
e:\v8-js\node-v9.3.0\tools\icu\release\obj\icutools\tzrule.obj
e:\v8-js\node-v9.3.0\tools\icu\release\obj\icutools\ucal.obj
e:\v8-js\node-v9.3.0\tools\icu\release\obj\icutools\ucol_sit.obj
e:\v8-js\node-v9.3.0\tools\icu\release\obj\icutools\udatpg.obj
e:\v8-js\node-v9.3.0\tools\icu\release\obj\icutools\ulocdata.obj
e:\v8-js\node-v9.3.0\tools\icu\release\obj\icutools\unum.obj
e:\v8-js\node-v9.3.0\tools\icu\release\obj\icutools\usearch.obj
e:\v8-js\node-v9.3.0\tools\icu\release\obj\icutools\uspoof_impl.obj
e:\v8-js\node-v9.3.0\tools\icu\release\obj\icutools\valueformatter.obj
e:\v8-js\node-v9.3.0\tools\icu\release\obj\icutools\vtzone.obj
e:\v8-js\node-v9.3.0\tools\icu\release\obj\icutools\zonemeta.obj
e:\v8-js\node-v9.3.0\tools\icu\release\obj\icutools\filetools.obj
e:\v8-js\node-v9.3.0\tools\icu\release\obj\icutools\pkg_icu.obj
e:\v8-js\node-v9.3.0\tools\icu\release\obj\icutools\swapimpl.obj
e:\v8-js\node-v9.3.0\tools\icu\release\obj\icutools\brkiter.obj
e:\v8-js\node-v9.3.0\tools\icu\release\obj\icutools\bytestrieiterator.obj
e:\v8-js\node-v9.3.0\tools\icu\release\obj\icutools\charstr.obj
e:\v8-js\node-v9.3.0\tools\icu\release\obj\icutools\dtintrv.obj
e:\v8-js\node-v9.3.0\tools\icu\release\obj\icutools\edits.obj
e:\v8-js\node-v9.3.0\tools\icu\release\obj\icutools\errorcode.obj
e:\v8-js\node-v9.3.0\tools\icu\release\obj\icutools\filteredbrk.obj
e:\v8-js\node-v9.3.0\tools\icu\release\obj\icutools\listformatter.obj
e:\v8-js\node-v9.3.0\tools\icu\release\obj\icutools\locdspnm.obj
e:\v8-js\node-v9.3.0\tools\icu\release\obj\icutools\normalizer2.obj
e:\v8-js\node-v9.3.0\tools\icu\release\obj\icutools\propname.obj
e:\v8-js\node-v9.3.0\tools\icu\release\obj\icutools\rbbinode.obj
e:\v8-js\node-v9.3.0\tools\icu\release\obj\icutools\rbbistbl.obj
e:\v8-js\node-v9.3.0\tools\icu\release\obj\icutools\resbund_cnv.obj
e:\v8-js\node-v9.3.0\tools\icu\release\obj\icutools\serv.obj
e:\v8-js\node-v9.3.0\tools\icu\release\obj\icutools\servlk.obj
e:\v8-js\node-v9.3.0\tools\icu\release\obj\icutools\servlkf.obj
e:\v8-js\node-v9.3.0\tools\icu\release\obj\icutools\servls.obj
e:\v8-js\node-v9.3.0\tools\icu\release\obj\icutools\servnotf.obj
e:\v8-js\node-v9.3.0\tools\icu\release\obj\icutools\servrbf.obj
e:\v8-js\node-v9.3.0\tools\icu\release\obj\icutools\servslkf.obj
e:\v8-js\node-v9.3.0\tools\icu\release\obj\icutools\sharedobject.obj
e:\v8-js\node-v9.3.0\tools\icu\release\obj\icutools\simpleformatter.obj
e:\v8-js\node-v9.3.0\tools\icu\release\obj\icutools\ucasemap_titlecase_brkiter.obj
e:\v8-js\node-v9.3.0\tools\icu\release\obj\icutools\ucharstrieiterator.obj
e:\v8-js\node-v9.3.0\tools\icu\release\obj\icutools\ucmndata.obj
e:\v8-js\node-v9.3.0\tools\icu\release\obj\icutools\ucnv.obj
e:\v8-js\node-v9.3.0\tools\icu\release\obj\icutools\ucnvdisp.obj
e:\v8-js\node-v9.3.0\tools\icu\release\obj\icutools\ucnv_u32.obj
e:\v8-js\node-v9.3.0\tools\icu\release\obj\icutools\ucurr.obj
e:\v8-js\node-v9.3.0\tools\icu\release\obj\icutools\uiter.obj
e:\v8-js\node-v9.3.0\tools\icu\release\obj\icutools\uloc_tag.obj
e:\v8-js\node-v9.3.0\tools\icu\release\obj\icutools\uniset_closure.obj
e:\v8-js\node-v9.3.0\tools\icu\release\obj\icutools\unistr_case_locale.obj
e:\v8-js\node-v9.3.0\tools\icu\release\obj\icutools\unistr_titlecase_brkiter.obj
e:\v8-js\node-v9.3.0\tools\icu\release\obj\icutools\uresbund.obj
e:\v8-js\node-v9.3.0\tools\icu\release\obj\icutools\uscript.obj
e:\v8-js\node-v9.3.0\tools\icu\release\obj\icutools\uscript_props.obj
e:\v8-js\node-v9.3.0\tools\icu\release\obj\icutools\ushape.obj
e:\v8-js\node-v9.3.0\tools\icu\release\obj\icutools\ustrcase.obj
e:\v8-js\node-v9.3.0\tools\icu\release\obj\icutools\ustrfmt.obj
e:\v8-js\node-v9.3.0\tools\icu\release\obj\icutools\ustr_cnv.obj
e:\v8-js\node-v9.3.0\tools\icu\release\obj\icutools\utf_impl.obj
e:\v8-js\node-v9.3.0\tools\icu\release\obj\icutools\util.obj
e:\v8-js\node-v9.3.0\tools\icu\release\obj\icutools\uts46.obj
e:\v8-js\node-v9.3.0\tools\icu\release\obj\icutools\anytrans.obj
e:\v8-js\node-v9.3.0\tools\icu\release\obj\icutools\brktrans.obj
e:\v8-js\node-v9.3.0\tools\icu\release\obj\icutools\cecal.obj
e:\v8-js\node-v9.3.0\tools\icu\release\obj\icutools\coll.obj
e:\v8-js\node-v9.3.0\tools\icu\release\obj\icutools\collationdatabuilder.obj
e:\v8-js\node-v9.3.0\tools\icu\release\obj\icutools\collationfastlatin.obj
e:\v8-js\node-v9.3.0\tools\icu\release\obj\icutools\collationroot.obj
e:\v8-js\node-v9.3.0\tools\icu\release\obj\icutools\collationsettings.obj
e:\v8-js\node-v9.3.0\tools\icu\release\obj\icutools\csdetect.obj
e:\v8-js\node-v9.3.0\tools\icu\release\obj\icutools\csmatch.obj
e:\v8-js\node-v9.3.0\tools\icu\release\obj\icutools\currfmt.obj
e:\v8-js\node-v9.3.0\tools\icu\release\obj\icutools\dayperiodrules.obj
e:\v8-js\node-v9.3.0\tools\icu\release\obj\icutools\decfmtst.obj
e:\v8-js\node-v9.3.0\tools\icu\release\obj\icutools\digitgrouping.obj
e:\v8-js\node-v9.3.0\tools\icu\release\obj\icutools\digitinterval.obj
e:\v8-js\node-v9.3.0\tools\icu\release\obj\icutools\digitlst.obj
e:\v8-js\node-v9.3.0\tools\icu\release\obj\icutools\dtptngen.obj
e:\v8-js\node-v9.3.0\tools\icu\release\obj\icutools\fmtable.obj
e:\v8-js\node-v9.3.0\tools\icu\release\obj\icutools\gregocal.obj
e:\v8-js\node-v9.3.0\tools\icu\release\obj\icutools\inputext.obj
e:\v8-js\node-v9.3.0\tools\icu\release\obj\icutools\islamcal.obj
e:\v8-js\node-v9.3.0\tools\icu\release\obj\icutools\measunit.obj
e:\v8-js\node-v9.3.0\tools\icu\release\obj\icutools\nfrs.obj
e:\v8-js\node-v9.3.0\tools\icu\release\obj\icutools\nounit.obj
e:\v8-js\node-v9.3.0\tools\icu\release\obj\icutools\number_compact.obj
e:\v8-js\node-v9.3.0\tools\icu\release\obj\icutools\number_fluent.obj
e:\v8-js\node-v9.3.0\tools\icu\release\obj\icutools\number_modifiers.obj
e:\v8-js\node-v9.3.0\tools\icu\release\obj\icutools\number_rounding.obj
e:\v8-js\node-v9.3.0\tools\icu\release\obj\icutools\numsys.obj
e:\v8-js\node-v9.3.0\tools\icu\release\obj\icutools\pluralaffix.obj
e:\v8-js\node-v9.3.0\tools\icu\release\obj\icutools\precision.obj
e:\v8-js\node-v9.3.0\tools\icu\release\obj\icutools\rbt.obj
e:\v8-js\node-v9.3.0\tools\icu\release\obj\icutools\rbt_rule.obj
e:\v8-js\node-v9.3.0\tools\icu\release\obj\icutools\reldatefmt.obj
e:\v8-js\node-v9.3.0\tools\icu\release\obj\icutools\scientificnumberformatter.obj
e:\v8-js\node-v9.3.0\tools\icu\release\obj\icutools\selfmt.obj
e:\v8-js\node-v9.3.0\tools\icu\release\obj\icutools\smallintformatter.obj
e:\v8-js\node-v9.3.0\tools\icu\release\obj\icutools\sortkey.obj
e:\v8-js\node-v9.3.0\tools\icu\release\obj\icutools\strmatch.obj
e:\v8-js\node-v9.3.0\tools\icu\release\obj\icutools\timezone.obj
e:\v8-js\node-v9.3.0\tools\icu\release\obj\icutools\tmutfmt.obj
e:\v8-js\node-v9.3.0\tools\icu\release\obj\icutools\tridpars.obj
e:\v8-js\node-v9.3.0\tools\icu\release\obj\icutools\tznames_impl.obj
e:\v8-js\node-v9.3.0\tools\icu\release\obj\icutools\ucol.obj
e:\v8-js\node-v9.3.0\tools\icu\release\obj\icutools\ucsdet.obj
e:\v8-js\node-v9.3.0\tools\icu\release\obj\icutools\udat.obj
e:\v8-js\node-v9.3.0\tools\icu\release\obj\icutools\unesctrn.obj
e:\v8-js\node-v9.3.0\tools\icu\release\obj\icutools\unumsys.obj
e:\v8-js\node-v9.3.0\tools\icu\release\obj\icutools\uregion.obj
e:\v8-js\node-v9.3.0\tools\icu\release\obj\icutools\uspoof_build.obj
e:\v8-js\node-v9.3.0\tools\icu\release\obj\icutools\utf8collationiterator.obj
e:\v8-js\node-v9.3.0\tools\icu\release\obj\icutools\vzone.obj
e:\v8-js\node-v9.3.0\tools\icu\release\obj\icutools\wintzimpl.obj
e:\v8-js\node-v9.3.0\tools\icu\release\obj\icutools\icutools.pdb
e:\v8-js\node-v9.3.0\deps\v8\src\release\lib\icutools.lib
e:\v8-js\node-v9.3.0\tools\icu\release\obj\icutools\icutools.tlog\cl.command.1.tlog
e:\v8-js\node-v9.3.0\tools\icu\release\obj\icutools\icutools.tlog\cl.read.1.tlog
e:\v8-js\node-v9.3.0\tools\icu\release\obj\icutools\icutools.tlog\cl.write.1.tlog
e:\v8-js\node-v9.3.0\tools\icu\release\obj\icutools\icutools.tlog\lib-link.read.1.tlog
e:\v8-js\node-v9.3.0\tools\icu\release\obj\icutools\icutools.tlog\lib-link.write.1.tlog
e:\v8-js\node-v9.3.0\tools\icu\release\obj\icutools\icutools.tlog\lib.command.1.tlog
