e:\v8-js\node-v9.3.0\tools\icu\debug\obj\genrb\read.obj
e:\v8-js\node-v9.3.0\tools\icu\debug\obj\genrb\rle.obj
e:\v8-js\node-v9.3.0\tools\icu\debug\obj\genrb\ustr.obj
e:\v8-js\node-v9.3.0\tools\icu\debug\obj\genrb\rbutil.obj
e:\v8-js\node-v9.3.0\tools\icu\debug\obj\genrb\errmsg.obj
e:\v8-js\node-v9.3.0\tools\icu\debug\obj\genrb\vc141.pdb
e:\v8-js\node-v9.3.0\tools\icu\debug\obj\genrb\genrb.obj
e:\v8-js\node-v9.3.0\tools\icu\debug\obj\genrb\prscmnts.obj
e:\v8-js\node-v9.3.0\tools\icu\debug\obj\genrb\wrtjava.obj
e:\v8-js\node-v9.3.0\tools\icu\debug\obj\genrb\parse.obj
e:\v8-js\node-v9.3.0\tools\icu\debug\obj\genrb\reslist.obj
e:\v8-js\node-v9.3.0\tools\icu\debug\obj\genrb\wrtxml.obj
e:\v8-js\node-v9.3.0\deps\v8\src\debug\genrb.ilk
e:\v8-js\node-v9.3.0\deps\v8\src\debug\genrb.exe
e:\v8-js\node-v9.3.0\deps\v8\src\debug\genrb.pdb
e:\v8-js\node-v9.3.0\deps\v8\src\debug\genrb.map
e:\v8-js\node-v9.3.0\deps\v8\src\debug\\genrb.exe
e:\v8-js\node-v9.3.0\tools\icu\debug\obj\genrb\genrb.tlog\cl.command.1.tlog
e:\v8-js\node-v9.3.0\tools\icu\debug\obj\genrb\genrb.tlog\cl.read.1.tlog
e:\v8-js\node-v9.3.0\tools\icu\debug\obj\genrb\genrb.tlog\cl.write.1.tlog
e:\v8-js\node-v9.3.0\tools\icu\debug\obj\genrb\genrb.tlog\link.command.1.tlog
e:\v8-js\node-v9.3.0\tools\icu\debug\obj\genrb\genrb.tlog\link.read.1.tlog
e:\v8-js\node-v9.3.0\tools\icu\debug\obj\genrb\genrb.tlog\link.write.1.tlog
