e:\v8-js\node-v9.3.0\deps\v8\src\debug\obj\v8_libbase\stack_trace_win.obj
e:\v8-js\node-v9.3.0\deps\v8\src\debug\obj\v8_libbase\platform-win32.obj
e:\v8-js\node-v9.3.0\deps\v8\src\debug\obj\v8_libbase\cpu.obj
e:\v8-js\node-v9.3.0\deps\v8\src\debug\obj\v8_libbase\logging.obj
e:\v8-js\node-v9.3.0\deps\v8\src\debug\obj\v8_libbase\mutex.obj
e:\v8-js\node-v9.3.0\deps\v8\src\debug\obj\v8_libbase\division-by-constant.obj
e:\v8-js\node-v9.3.0\deps\v8\src\debug\obj\v8_libbase\ieee754.obj
e:\v8-js\node-v9.3.0\deps\v8\src\debug\obj\v8_libbase\condition-variable.obj
e:\v8-js\node-v9.3.0\deps\v8\src\debug\obj\v8_libbase\sys-info.obj
e:\v8-js\node-v9.3.0\deps\v8\src\debug\obj\v8_libbase\bits.obj
e:\v8-js\node-v9.3.0\deps\v8\src\debug\obj\v8_libbase\file-utils.obj
e:\v8-js\node-v9.3.0\deps\v8\src\debug\obj\v8_libbase\once.obj
e:\v8-js\node-v9.3.0\deps\v8\src\debug\obj\v8_libbase\semaphore.obj
e:\v8-js\node-v9.3.0\deps\v8\src\debug\obj\v8_libbase\stack_trace.obj
e:\v8-js\node-v9.3.0\deps\v8\src\debug\obj\v8_libbase\functional.obj
e:\v8-js\node-v9.3.0\deps\v8\src\debug\obj\v8_libbase\time.obj
e:\v8-js\node-v9.3.0\deps\v8\src\debug\obj\v8_libbase\random-number-generator.obj
e:\v8-js\node-v9.3.0\deps\v8\src\debug\obj\v8_libbase\v8_libbase.pdb
e:\v8-js\node-v9.3.0\deps\v8\src\debug\lib\v8_libbase.lib
e:\v8-js\node-v9.3.0\deps\v8\src\debug\v8_libbase.pdb
e:\v8-js\node-v9.3.0\deps\v8\src\debug\obj\v8_libbase\v8_libbase.tlog\cl.command.1.tlog
e:\v8-js\node-v9.3.0\deps\v8\src\debug\obj\v8_libbase\v8_libbase.tlog\cl.read.1.tlog
e:\v8-js\node-v9.3.0\deps\v8\src\debug\obj\v8_libbase\v8_libbase.tlog\cl.write.1.tlog
e:\v8-js\node-v9.3.0\deps\v8\src\debug\obj\v8_libbase\v8_libbase.tlog\lib-link.read.1.tlog
e:\v8-js\node-v9.3.0\deps\v8\src\debug\obj\v8_libbase\v8_libbase.tlog\lib-link.write.1.tlog
e:\v8-js\node-v9.3.0\deps\v8\src\debug\obj\v8_libbase\v8_libbase.tlog\lib.command.1.tlog
