e:\v8-js\node-v9.3.0\tools\icu\release\obj\icuucx\bmpset.obj
e:\v8-js\node-v9.3.0\tools\icu\release\obj\icuucx\bytestream.obj
e:\v8-js\node-v9.3.0\tools\icu\release\obj\icuucx\caniter.obj
e:\v8-js\node-v9.3.0\tools\icu\release\obj\icuucx\dictionarydata.obj
e:\v8-js\node-v9.3.0\tools\icu\release\obj\icuucx\icudataver.obj
e:\v8-js\node-v9.3.0\tools\icu\release\obj\icuucx\locbased.obj
e:\v8-js\node-v9.3.0\tools\icu\release\obj\icuucx\locdispnames.obj
e:\v8-js\node-v9.3.0\tools\icu\release\obj\icuucx\locmap.obj
e:\v8-js\node-v9.3.0\tools\icu\release\obj\icuucx\normalizer2.obj
e:\v8-js\node-v9.3.0\tools\icu\release\obj\icuucx\propname.obj
e:\v8-js\node-v9.3.0\tools\icu\release\obj\icuucx\rbbinode.obj
e:\v8-js\node-v9.3.0\tools\icu\release\obj\icuucx\rbbistbl.obj
e:\v8-js\node-v9.3.0\tools\icu\release\obj\icuucx\resbund_cnv.obj
e:\v8-js\node-v9.3.0\tools\icu\release\obj\icuucx\schriter.obj
e:\v8-js\node-v9.3.0\tools\icu\release\obj\icuucx\stringtriebuilder.obj
e:\v8-js\node-v9.3.0\tools\icu\release\obj\icuucx\ubidiln.obj
e:\v8-js\node-v9.3.0\tools\icu\release\obj\icuucx\ubiditransform.obj
e:\v8-js\node-v9.3.0\tools\icu\release\obj\icuucx\ucase.obj
e:\v8-js\node-v9.3.0\tools\icu\release\obj\icuucx\uchar.obj
e:\v8-js\node-v9.3.0\tools\icu\release\obj\icuucx\ucharstrieiterator.obj
e:\v8-js\node-v9.3.0\tools\icu\release\obj\icuucx\ucnv.obj
e:\v8-js\node-v9.3.0\tools\icu\release\obj\icuucx\ucnvdisp.obj
e:\v8-js\node-v9.3.0\tools\icu\release\obj\icuucx\udata.obj
e:\v8-js\node-v9.3.0\tools\icu\release\obj\icuucx\ulist.obj
e:\v8-js\node-v9.3.0\tools\icu\release\obj\icuucx\ulistformatter.obj
e:\v8-js\node-v9.3.0\tools\icu\release\obj\icuucx\umapfile.obj
e:\v8-js\node-v9.3.0\tools\icu\release\obj\icuucx\umath.obj
e:\v8-js\node-v9.3.0\tools\icu\release\obj\icuucx\umutex.obj
e:\v8-js\node-v9.3.0\tools\icu\release\obj\icuucx\unifilt.obj
e:\v8-js\node-v9.3.0\tools\icu\release\obj\icuucx\unifunct.obj
e:\v8-js\node-v9.3.0\tools\icu\release\obj\icuucx\uniset.obj
e:\v8-js\node-v9.3.0\tools\icu\release\obj\icuucx\uniset_props.obj
e:\v8-js\node-v9.3.0\tools\icu\release\obj\icuucx\unistr_cnv.obj
e:\v8-js\node-v9.3.0\tools\icu\release\obj\icuucx\unormcmp.obj
e:\v8-js\node-v9.3.0\tools\icu\release\obj\icuucx\uscript_props.obj
e:\v8-js\node-v9.3.0\tools\icu\release\obj\icuucx\ushape.obj
e:\v8-js\node-v9.3.0\tools\icu\release\obj\icuucx\ustack.obj
e:\v8-js\node-v9.3.0\tools\icu\release\obj\icuucx\ustrcase_locale.obj
e:\v8-js\node-v9.3.0\tools\icu\release\obj\icuucx\ustrtrns.obj
e:\v8-js\node-v9.3.0\tools\icu\release\obj\icuucx\ustr_titlecase_brkiter.obj
e:\v8-js\node-v9.3.0\tools\icu\release\obj\icuucx\utrace.obj
e:\v8-js\node-v9.3.0\tools\icu\release\obj\icuucx\utrie.obj
e:\v8-js\node-v9.3.0\tools\icu\release\obj\icuucx\utrie2_builder.obj
e:\v8-js\node-v9.3.0\tools\icu\release\obj\icuucx\brkeng.obj
e:\v8-js\node-v9.3.0\tools\icu\release\obj\icuucx\bytestriebuilder.obj
e:\v8-js\node-v9.3.0\tools\icu\release\obj\icuucx\charstr.obj
e:\v8-js\node-v9.3.0\tools\icu\release\obj\icuucx\dtintrv.obj
e:\v8-js\node-v9.3.0\tools\icu\release\obj\icuucx\edits.obj
e:\v8-js\node-v9.3.0\tools\icu\release\obj\icuucx\filteredbrk.obj
e:\v8-js\node-v9.3.0\tools\icu\release\obj\icuucx\locavailable.obj
e:\v8-js\node-v9.3.0\tools\icu\release\obj\icuucx\loclikely.obj
e:\v8-js\node-v9.3.0\tools\icu\release\obj\icuucx\messagepattern.obj
e:\v8-js\node-v9.3.0\tools\icu\release\obj\icuucx\normlzr.obj
e:\v8-js\node-v9.3.0\tools\icu\release\obj\icuucx\rbbi.obj
e:\v8-js\node-v9.3.0\tools\icu\release\obj\icuucx\rbbiscan.obj
e:\v8-js\node-v9.3.0\tools\icu\release\obj\icuucx\rbbi_cache.obj
e:\v8-js\node-v9.3.0\tools\icu\release\obj\icuucx\ruleiter.obj
e:\v8-js\node-v9.3.0\tools\icu\release\obj\icuucx\uarrsort.obj
e:\v8-js\node-v9.3.0\tools\icu\release\obj\icuucx\ubidi.obj
e:\v8-js\node-v9.3.0\tools\icu\release\obj\icuucx\ubidiwrt.obj
e:\v8-js\node-v9.3.0\tools\icu\release\obj\icuucx\ubrk.obj
e:\v8-js\node-v9.3.0\tools\icu\release\obj\icuucx\ucat.obj
e:\v8-js\node-v9.3.0\tools\icu\release\obj\icuucx\uchriter.obj
e:\v8-js\node-v9.3.0\tools\icu\release\obj\icuucx\ucnvisci.obj
e:\v8-js\node-v9.3.0\tools\icu\release\obj\icuucx\ucnvsel.obj
e:\v8-js\node-v9.3.0\tools\icu\release\obj\icuucx\uidna.obj
e:\v8-js\node-v9.3.0\tools\icu\release\obj\icuucx\uinit.obj
e:\v8-js\node-v9.3.0\tools\icu\release\obj\icuucx\uinvchar.obj
e:\v8-js\node-v9.3.0\tools\icu\release\obj\icuucx\uloc_keytype.obj
e:\v8-js\node-v9.3.0\tools\icu\release\obj\icuucx\unifiedcache.obj
e:\v8-js\node-v9.3.0\tools\icu\release\obj\icuucx\unistr_case.obj
e:\v8-js\node-v9.3.0\tools\icu\release\obj\icuucx\unistr_titlecase_brkiter.obj
e:\v8-js\node-v9.3.0\tools\icu\release\obj\icuucx\uobject.obj
e:\v8-js\node-v9.3.0\tools\icu\release\obj\icuucx\uresbund.obj
e:\v8-js\node-v9.3.0\tools\icu\release\obj\icuucx\uscript.obj
e:\v8-js\node-v9.3.0\tools\icu\release\obj\icuucx\usc_impl.obj
e:\v8-js\node-v9.3.0\tools\icu\release\obj\icuucx\usetiter.obj
e:\v8-js\node-v9.3.0\tools\icu\release\obj\icuucx\ustrcase.obj
e:\v8-js\node-v9.3.0\tools\icu\release\obj\icuucx\ustrfmt.obj
e:\v8-js\node-v9.3.0\tools\icu\release\obj\icuucx\ustring.obj
e:\v8-js\node-v9.3.0\tools\icu\release\obj\icuucx\ustr_cnv.obj
e:\v8-js\node-v9.3.0\tools\icu\release\obj\icuucx\util_props.obj
e:\v8-js\node-v9.3.0\tools\icu\release\obj\icuucx\uts46.obj
e:\v8-js\node-v9.3.0\tools\icu\release\obj\icuucx\brkiter.obj
e:\v8-js\node-v9.3.0\tools\icu\release\obj\icuucx\bytestrieiterator.obj
e:\v8-js\node-v9.3.0\tools\icu\release\obj\icuucx\cmemory.obj
e:\v8-js\node-v9.3.0\tools\icu\release\obj\icuucx\cstr.obj
e:\v8-js\node-v9.3.0\tools\icu\release\obj\icuucx\errorcode.obj
e:\v8-js\node-v9.3.0\tools\icu\release\obj\icuucx\filterednormalizer2.obj
e:\v8-js\node-v9.3.0\tools\icu\release\obj\icuucx\loadednormalizer2impl.obj
e:\v8-js\node-v9.3.0\tools\icu\release\obj\icuucx\locid.obj
e:\v8-js\node-v9.3.0\tools\icu\release\obj\icuucx\locutil.obj
e:\v8-js\node-v9.3.0\tools\icu\release\obj\icuucx\parsepos.obj
e:\v8-js\node-v9.3.0\tools\icu\release\obj\icuucx\patternprops.obj
e:\v8-js\node-v9.3.0\tools\icu\release\obj\icuucx\pluralmap.obj
e:\v8-js\node-v9.3.0\tools\icu\release\obj\icuucx\rbbidata.obj
e:\v8-js\node-v9.3.0\tools\icu\release\obj\icuucx\rbbisetb.obj
e:\v8-js\node-v9.3.0\tools\icu\release\obj\icuucx\resbund.obj
e:\v8-js\node-v9.3.0\tools\icu\release\obj\icuucx\serv.obj
e:\v8-js\node-v9.3.0\tools\icu\release\obj\icuucx\servlk.obj
e:\v8-js\node-v9.3.0\tools\icu\release\obj\icuucx\servls.obj
e:\v8-js\node-v9.3.0\tools\icu\release\obj\icuucx\servrbf.obj
e:\v8-js\node-v9.3.0\tools\icu\release\obj\icuucx\simpleformatter.obj
e:\v8-js\node-v9.3.0\tools\icu\release\obj\icuucx\ubidi_props.obj
e:\v8-js\node-v9.3.0\tools\icu\release\obj\icuucx\ucasemap_titlecase_brkiter.obj
e:\v8-js\node-v9.3.0\tools\icu\release\obj\icuucx\ucharstriebuilder.obj
e:\v8-js\node-v9.3.0\tools\icu\release\obj\icuucx\ucln_cmn.obj
e:\v8-js\node-v9.3.0\tools\icu\release\obj\icuucx\ucnvbocu.obj
e:\v8-js\node-v9.3.0\tools\icu\release\obj\icuucx\ucnvlat1.obj
e:\v8-js\node-v9.3.0\tools\icu\release\obj\icuucx\ucnvscsu.obj
e:\v8-js\node-v9.3.0\tools\icu\release\obj\icuucx\ucnv_bld.obj
e:\v8-js\node-v9.3.0\tools\icu\release\obj\icuucx\ucnv_ext.obj
e:\v8-js\node-v9.3.0\tools\icu\release\obj\icuucx\ucnv_lmb.obj
e:\v8-js\node-v9.3.0\tools\icu\release\obj\icuucx\ucnv_set.obj
e:\v8-js\node-v9.3.0\tools\icu\release\obj\icuucx\ucnv_u32.obj
e:\v8-js\node-v9.3.0\tools\icu\release\obj\icuucx\ucnv_u8.obj
e:\v8-js\node-v9.3.0\tools\icu\release\obj\icuucx\ucurr.obj
e:\v8-js\node-v9.3.0\tools\icu\release\obj\icuucx\uiter.obj
e:\v8-js\node-v9.3.0\tools\icu\release\obj\icuucx\uloc_tag.obj
e:\v8-js\node-v9.3.0\tools\icu\release\obj\icuucx\uniset_closure.obj
e:\v8-js\node-v9.3.0\tools\icu\release\obj\icuucx\unistr_case_locale.obj
e:\v8-js\node-v9.3.0\tools\icu\release\obj\icuucx\unistr_props.obj
e:\v8-js\node-v9.3.0\tools\icu\release\obj\icuucx\uprops.obj
e:\v8-js\node-v9.3.0\tools\icu\release\obj\icuucx\ures_cnv.obj
e:\v8-js\node-v9.3.0\tools\icu\release\obj\icuucx\usprep.obj
e:\v8-js\node-v9.3.0\tools\icu\release\obj\icuucx\ustr_wcs.obj
e:\v8-js\node-v9.3.0\tools\icu\release\obj\icuucx\utext.obj
e:\v8-js\node-v9.3.0\tools\icu\release\obj\icuucx\utrie2.obj
e:\v8-js\node-v9.3.0\tools\icu\release\obj\icuucx\uvector.obj
e:\v8-js\node-v9.3.0\tools\icu\release\obj\icuucx\uvectr32.obj
e:\v8-js\node-v9.3.0\tools\icu\release\obj\icuucx\wintz.obj
e:\v8-js\node-v9.3.0\tools\icu\release\obj\icuucx\appendable.obj
e:\v8-js\node-v9.3.0\tools\icu\release\obj\icuucx\bytesinkutil.obj
e:\v8-js\node-v9.3.0\tools\icu\release\obj\icuucx\bytestrie.obj
e:\v8-js\node-v9.3.0\tools\icu\release\obj\icuucx\chariter.obj
e:\v8-js\node-v9.3.0\tools\icu\release\obj\icuucx\cstring.obj
e:\v8-js\node-v9.3.0\tools\icu\release\obj\icuucx\cwchar.obj
e:\v8-js\node-v9.3.0\tools\icu\release\obj\icuucx\dictbe.obj
e:\v8-js\node-v9.3.0\tools\icu\release\obj\icuucx\icuplug.obj
e:\v8-js\node-v9.3.0\tools\icu\release\obj\icuucx\listformatter.obj
e:\v8-js\node-v9.3.0\tools\icu\release\obj\icuucx\locdspnm.obj
e:\v8-js\node-v9.3.0\tools\icu\release\obj\icuucx\locresdata.obj
e:\v8-js\node-v9.3.0\tools\icu\release\obj\icuucx\normalizer2impl.obj
e:\v8-js\node-v9.3.0\tools\icu\release\obj\icuucx\propsvec.obj
e:\v8-js\node-v9.3.0\tools\icu\release\obj\icuucx\punycode.obj
e:\v8-js\node-v9.3.0\tools\icu\release\obj\icuucx\putil.obj
e:\v8-js\node-v9.3.0\tools\icu\release\obj\icuucx\rbbirb.obj
e:\v8-js\node-v9.3.0\tools\icu\release\obj\icuucx\rbbitblb.obj
e:\v8-js\node-v9.3.0\tools\icu\release\obj\icuucx\resource.obj
e:\v8-js\node-v9.3.0\tools\icu\release\obj\icuucx\servlkf.obj
e:\v8-js\node-v9.3.0\tools\icu\release\obj\icuucx\servnotf.obj
e:\v8-js\node-v9.3.0\tools\icu\release\obj\icuucx\servslkf.obj
e:\v8-js\node-v9.3.0\tools\icu\release\obj\icuucx\sharedobject.obj
e:\v8-js\node-v9.3.0\tools\icu\release\obj\icuucx\stringpiece.obj
e:\v8-js\node-v9.3.0\tools\icu\release\obj\icuucx\ucasemap.obj
e:\v8-js\node-v9.3.0\tools\icu\release\obj\icuucx\ucharstrie.obj
e:\v8-js\node-v9.3.0\tools\icu\release\obj\icuucx\ucmndata.obj
e:\v8-js\node-v9.3.0\tools\icu\release\obj\icuucx\ucnv2022.obj
e:\v8-js\node-v9.3.0\tools\icu\release\obj\icuucx\ucnvhz.obj
e:\v8-js\node-v9.3.0\tools\icu\release\obj\icuucx\ucnvmbcs.obj
e:\v8-js\node-v9.3.0\tools\icu\release\obj\icuucx\ucnv_cb.obj
e:\v8-js\node-v9.3.0\tools\icu\release\obj\icuucx\ucnv_cnv.obj
e:\v8-js\node-v9.3.0\tools\icu\release\obj\icuucx\ucnv_ct.obj
e:\v8-js\node-v9.3.0\tools\icu\release\obj\icuucx\ucnv_err.obj
e:\v8-js\node-v9.3.0\tools\icu\release\obj\icuucx\ucnv_io.obj
e:\v8-js\node-v9.3.0\tools\icu\release\obj\icuucx\ucnv_u16.obj
e:\v8-js\node-v9.3.0\tools\icu\release\obj\icuucx\ucnv_u7.obj
e:\v8-js\node-v9.3.0\tools\icu\release\obj\icuucx\ucol_swp.obj
e:\v8-js\node-v9.3.0\tools\icu\release\obj\icuucx\udatamem.obj
e:\v8-js\node-v9.3.0\tools\icu\release\obj\icuucx\udataswp.obj
e:\v8-js\node-v9.3.0\tools\icu\release\obj\icuucx\uenum.obj
e:\v8-js\node-v9.3.0\tools\icu\release\obj\icuucx\uhash.obj
e:\v8-js\node-v9.3.0\tools\icu\release\obj\icuucx\uhash_us.obj
e:\v8-js\node-v9.3.0\tools\icu\release\obj\icuucx\uloc.obj
e:\v8-js\node-v9.3.0\tools\icu\release\obj\icuucx\unames.obj
e:\v8-js\node-v9.3.0\tools\icu\release\obj\icuucx\unisetspan.obj
e:\v8-js\node-v9.3.0\tools\icu\release\obj\icuucx\unistr.obj
e:\v8-js\node-v9.3.0\tools\icu\release\obj\icuucx\unorm.obj
e:\v8-js\node-v9.3.0\tools\icu\release\obj\icuucx\uresdata.obj
e:\v8-js\node-v9.3.0\tools\icu\release\obj\icuucx\uset.obj
e:\v8-js\node-v9.3.0\tools\icu\release\obj\icuucx\uset_props.obj
e:\v8-js\node-v9.3.0\tools\icu\release\obj\icuucx\ustrenum.obj
e:\v8-js\node-v9.3.0\tools\icu\release\obj\icuucx\utf_impl.obj
e:\v8-js\node-v9.3.0\tools\icu\release\obj\icuucx\util.obj
e:\v8-js\node-v9.3.0\tools\icu\release\obj\icuucx\utypes.obj
e:\v8-js\node-v9.3.0\tools\icu\release\obj\icuucx\uvectr64.obj
e:\v8-js\node-v9.3.0\tools\icu\release\obj\icuucx\icuucx.pdb
e:\v8-js\node-v9.3.0\deps\v8\src\release\lib\icuucx.lib
e:\v8-js\node-v9.3.0\tools\icu\release\obj\icuucx\icuucx.tlog\cl.command.1.tlog
e:\v8-js\node-v9.3.0\tools\icu\release\obj\icuucx\icuucx.tlog\cl.read.1.tlog
e:\v8-js\node-v9.3.0\tools\icu\release\obj\icuucx\icuucx.tlog\cl.write.1.tlog
e:\v8-js\node-v9.3.0\tools\icu\release\obj\icuucx\icuucx.tlog\lib-link.read.1.tlog
e:\v8-js\node-v9.3.0\tools\icu\release\obj\icuucx\icuucx.tlog\lib-link.write.1.tlog
e:\v8-js\node-v9.3.0\tools\icu\release\obj\icuucx\icuucx.tlog\lib.command.1.tlog
