  collationinfo.cpp
  denseranges.cpp
  filestrm.cpp
  filetools.cpp
  flagparser.cpp
  package.cpp
  pkgitems.cpp
  pkg_genc.cpp
  pkg_gencmn.cpp
  pkg_icu.cpp
  ppucd.cpp
  swapimpl.cpp
  toolutil.cpp
  ucbuf.cpp
  ucln_tu.cpp
  ucm.cpp
  ucmstate.cpp
  unewdata.cpp
  uoptions.cpp
  uparse.cpp
  writesrc.cpp
  xmlparser.cpp
..\..\deps\icu-small\source\tools\toolutil\writesrc.cpp(77): warning C4566: 由通用字符名称“\u00A9”表示的字符不能在当前代码页(936)中表示出来
  appendable.cpp
  bmpset.cpp
  brkeng.cpp
  brkiter.cpp
  bytesinkutil.cpp
  bytestream.cpp
  bytestrie.cpp
  bytestriebuilder.cpp
  bytestrieiterator.cpp
  caniter.cpp
  chariter.cpp
  charstr.cpp
  cmemory.cpp
  cstr.cpp
  cstring.cpp
  cwchar.cpp
  dictbe.cpp
  dictionarydata.cpp
  dtintrv.cpp
  edits.cpp
  errorcode.cpp
  filteredbrk.cpp
  filterednormalizer2.cpp
  icudataver.cpp
  icuplug.cpp
  listformatter.cpp
  loadednormalizer2impl.cpp
  locavailable.cpp
  locbased.cpp
  locdispnames.cpp
  locdspnm.cpp
  locid.cpp
  loclikely.cpp
  locmap.cpp
  locresdata.cpp
  locutil.cpp
  messagepattern.cpp
  normalizer2.cpp
  normalizer2impl.cpp
  normlzr.cpp
  parsepos.cpp
  patternprops.cpp
  pluralmap.cpp
  propname.cpp
  propsvec.cpp
  punycode.cpp
  putil.cpp
  rbbi.cpp
  rbbidata.cpp
  rbbinode.cpp
..\..\deps\icu-small\source\common\rbbi.cpp(637): warning C4244: “初始化”: 从“int64_t”转换到“int32_t”，可能丢失数据
..\..\deps\icu-small\source\common\rbbi.cpp(664): warning C4244: “初始化”: 从“int64_t”转换到“int32_t”，可能丢失数据
  rbbirb.cpp
  rbbiscan.cpp
  rbbisetb.cpp
  rbbistbl.cpp
  rbbitblb.cpp
  rbbi_cache.cpp
  resbund.cpp
  resbund_cnv.cpp
  resource.cpp
  ruleiter.cpp
  schriter.cpp
  serv.cpp
  servlk.cpp
  servlkf.cpp
  servls.cpp
  servnotf.cpp
  servrbf.cpp
  servslkf.cpp
  sharedobject.cpp
  simpleformatter.cpp
  stringpiece.cpp
  stringtriebuilder.cpp
  uarrsort.cpp
  ubidi.cpp
  ubidiln.cpp
  ubiditransform.cpp
  ubidiwrt.cpp
  ubidi_props.cpp
  ubrk.cpp
  ucase.cpp
  ucasemap.cpp
  ucasemap_titlecase_brkiter.cpp
  ucat.cpp
  uchar.cpp
  ucharstrie.cpp
  ucharstriebuilder.cpp
  ucharstrieiterator.cpp
  uchriter.cpp
  ucln_cmn.cpp
  ucmndata.cpp
  ucnv.cpp
  ucnv2022.cpp
  ucnvbocu.cpp
  ucnvdisp.cpp
  ucnvhz.cpp
  ucnvisci.cpp
  ucnvlat1.cpp
  ucnvmbcs.cpp
  ucnvscsu.cpp
  ucnvsel.cpp
  ucnv_bld.cpp
  ucnv_cb.cpp
  ucnv_cnv.cpp
  ucnv_ct.cpp
  ucnv_err.cpp
  ucnv_ext.cpp
  ucnv_io.cpp
  ucnv_lmb.cpp
  ucnv_set.cpp
  ucnv_u16.cpp
  ucnv_u32.cpp
  ucnv_u7.cpp
  ucnv_u8.cpp
  ucol_swp.cpp
  ucurr.cpp
  udata.cpp
  udatamem.cpp
  udataswp.cpp
  uenum.cpp
  uhash.cpp
  uhash_us.cpp
  uidna.cpp
  uinit.cpp
  uinvchar.cpp
  uiter.cpp
  ulist.cpp
  ulistformatter.cpp
  uloc.cpp
  uloc_keytype.cpp
  uloc_tag.cpp
  umapfile.cpp
  umath.cpp
  umutex.cpp
  unames.cpp
  unifiedcache.cpp
  unifilt.cpp
  unifunct.cpp
  uniset.cpp
  unisetspan.cpp
  uniset_closure.cpp
  uniset_props.cpp
  unistr.cpp
  unistr_case.cpp
  unistr_case_locale.cpp
  unistr_cnv.cpp
  unistr_props.cpp
  unistr_titlecase_brkiter.cpp
  unorm.cpp
  unormcmp.cpp
  uobject.cpp
  uprops.cpp
  uresbund.cpp
  uresdata.cpp
  ures_cnv.cpp
  uscript.cpp
  uscript_props.cpp
  usc_impl.cpp
  uset.cpp
  usetiter.cpp
  uset_props.cpp
  ushape.cpp
  usprep.cpp
  ustack.cpp
  ustrcase.cpp
  ustrcase_locale.cpp
  ustrenum.cpp
  ustrfmt.cpp
  ustring.cpp
  ustrtrns.cpp
  ustr_cnv.cpp
  ustr_titlecase_brkiter.cpp
  ustr_wcs.cpp
  utext.cpp
  utf_impl.cpp
  util.cpp
  util_props.cpp
  utrace.cpp
  utrie.cpp
  utrie2.cpp
  utrie2_builder.cpp
  uts46.cpp
  utypes.cpp
  uvector.cpp
  uvectr32.cpp
  uvectr64.cpp
  wintz.cpp
  affixpatternparser.cpp
  alphaindex.cpp
  anytrans.cpp
  astro.cpp
  basictz.cpp
  bocsu.cpp
  brktrans.cpp
  buddhcal.cpp
  calendar.cpp
  casetrn.cpp
  cecal.cpp
  chnsecal.cpp
  choicfmt.cpp
  coleitr.cpp
  coll.cpp
  collation.cpp
  collationbuilder.cpp
  collationcompare.cpp
  collationdata.cpp
  collationdatabuilder.cpp
  collationdatareader.cpp
  collationdatawriter.cpp
  collationfastlatin.cpp
  collationfastlatinbuilder.cpp
  collationfcd.cpp
  collationiterator.cpp
  collationkeys.cpp
  collationroot.cpp
  collationrootelements.cpp
  collationruleparser.cpp
  collationsets.cpp
  collationsettings.cpp
  collationtailoring.cpp
  collationweights.cpp
  compactdecimalformat.cpp
  coptccal.cpp
  cpdtrans.cpp
  csdetect.cpp
  csmatch.cpp
  csr2022.cpp
  csrecog.cpp
  csrmbcs.cpp
  csrsbcs.cpp
  csrucode.cpp
  csrutf8.cpp
  curramt.cpp
  currfmt.cpp
  currpinf.cpp
  currunit.cpp
  dangical.cpp
  datefmt.cpp
  dayperiodrules.cpp
  dcfmtsym.cpp
  decContext.cpp
  decfmtst.cpp
  decimalformatpattern.cpp
  decimfmt.cpp
  decimfmtimpl.cpp
  decNumber.cpp
  digitaffix.cpp
  digitaffixesandpadding.cpp
  digitformatter.cpp
  digitgrouping.cpp
  digitinterval.cpp
  digitlst.cpp
  dtfmtsym.cpp
  dtitvfmt.cpp
  dtitvinf.cpp
  dtptngen.cpp
  dtrule.cpp
  esctrn.cpp
  ethpccal.cpp
  fmtable.cpp
  fmtable_cnv.cpp
  format.cpp
  fphdlimp.cpp
  fpositer.cpp
  funcrepl.cpp
  gender.cpp
  gregocal.cpp
  gregoimp.cpp
  hebrwcal.cpp
  indiancal.cpp
  inputext.cpp
  islamcal.cpp
  japancal.cpp
  measfmt.cpp
  measunit.cpp
  measure.cpp
  msgfmt.cpp
  name2uni.cpp
  nfrs.cpp
  nfrule.cpp
  nfsubs.cpp
  nortrans.cpp
  nounit.cpp
  nultrans.cpp
  number_affixutils.cpp
  number_compact.cpp
  number_decimalquantity.cpp
  number_decimfmtprops.cpp
  number_fluent.cpp
  number_formatimpl.cpp
  number_grouping.cpp
  number_integerwidth.cpp
  number_longnames.cpp
  number_modifiers.cpp
  number_notation.cpp
  number_padding.cpp
  number_patternmodifier.cpp
  number_patternstring.cpp
  number_rounding.cpp
  number_scientific.cpp
  number_stringbuilder.cpp
  numfmt.cpp
  numsys.cpp
  olsontz.cpp
  persncal.cpp
  pluralaffix.cpp
  plurfmt.cpp
  plurrule.cpp
  precision.cpp
  quant.cpp
  quantityformatter.cpp
  rbnf.cpp
  rbt.cpp
  rbtz.cpp
  rbt_data.cpp
  rbt_pars.cpp
  rbt_rule.cpp
  rbt_set.cpp
  regexcmp.cpp
  regeximp.cpp
  regexst.cpp
  regextxt.cpp
  region.cpp
  reldatefmt.cpp
  reldtfmt.cpp
  rematch.cpp
  remtrans.cpp
  repattrn.cpp
  rulebasedcollator.cpp
  scientificnumberformatter.cpp
  scriptset.cpp
  search.cpp
  selfmt.cpp
  sharedbreakiterator.cpp
  simpletz.cpp
  smallintformatter.cpp
  smpdtfmt.cpp
  smpdtfst.cpp
  sortkey.cpp
  standardplural.cpp
  strmatch.cpp
  strrepl.cpp
  stsearch.cpp
  taiwncal.cpp
  timezone.cpp
  titletrn.cpp
  tmunit.cpp
  tmutamt.cpp
  tmutfmt.cpp
  tolowtrn.cpp
  toupptrn.cpp
  translit.cpp
  transreg.cpp
  tridpars.cpp
  tzfmt.cpp
  tzgnames.cpp
  tznames.cpp
  tznames_impl.cpp
  tzrule.cpp
  tztrans.cpp
  ucal.cpp
  ucln_in.cpp
  ucol.cpp
  ucoleitr.cpp
  ucol_res.cpp
  ucol_sit.cpp
  ucsdet.cpp
  udat.cpp
  udateintervalformat.cpp
  udatpg.cpp
  ufieldpositer.cpp
  uitercollationiterator.cpp
  ulocdata.cpp
  umsg.cpp
  unesctrn.cpp
  uni2name.cpp
  unum.cpp
  unumsys.cpp
  upluralrules.cpp
  uregex.cpp
  uregexc.cpp
  uregion.cpp
  usearch.cpp
  uspoof.cpp
  uspoof_build.cpp
  uspoof_conf.cpp
  uspoof_impl.cpp
  utf16collationiterator.cpp
  utf8collationiterator.cpp
  utmscale.cpp
  utrans.cpp
  valueformatter.cpp
  visibledigits.cpp
  vtzone.cpp
  vzone.cpp
  windtfmt.cpp
  winnmfmt.cpp
  wintzimpl.cpp
  zonemeta.cpp
  zrule.cpp
  ztrans.cpp
  stubdata.cpp
uspoof_conf.obj : warning LNK4221: 此对象文件未定义任何之前未定义的公共符号，因此任何耗用此库的链接操作都不会使用此文件
uregexc.obj : warning LNK4221: 此对象文件未定义任何之前未定义的公共符号，因此任何耗用此库的链接操作都不会使用此文件
xmlparser.obj : warning LNK4221: 此对象文件未定义任何之前未定义的公共符号，因此任何耗用此库的链接操作都不会使用此文件
  icutools.vcxproj -> D:\v8-js\node-v9.3.0\deps\v8\src\Debug\lib\icutools.lib
