e:\v8-js\node-v9.3.0\deps\v8\src\debug\obj\v8_base_1\.cpp\debugger.obj
e:\v8-js\node-v9.3.0\deps\v8\src\debug\obj\v8_base_1\.cpp\protocol.obj
e:\v8-js\node-v9.3.0\deps\v8\src\debug\obj\v8_base_1\.cpp\profiler.obj
e:\v8-js\node-v9.3.0\deps\v8\src\debug\obj\v8_base_1\.cpp\schema.obj
e:\v8-js\node-v9.3.0\deps\v8\src\debug\obj\v8_base_1\v8_base_1.pdb
e:\v8-js\node-v9.3.0\deps\v8\src\debug\obj\v8_base_1\.cc\asm-scanner.obj
e:\v8-js\node-v9.3.0\deps\v8\src\debug\obj\v8_base_1\.cc\builtins-date.obj
e:\v8-js\node-v9.3.0\deps\v8\src\debug\obj\v8_base_1\.cc\cached-powers.obj
e:\v8-js\node-v9.3.0\deps\v8\src\debug\obj\v8_base_1\.cc\code-stub-assembler.obj
e:\v8-js\node-v9.3.0\deps\v8\src\debug\obj\v8_base_1\.cc\common-node-cache.obj
e:\v8-js\node-v9.3.0\deps\v8\src\debug\obj\v8_base_1\.cc\node-marker.obj
e:\v8-js\node-v9.3.0\deps\v8\src\debug\obj\v8_base_1\.cc\opcodes.obj
e:\v8-js\node-v9.3.0\deps\v8\src\debug\obj\v8_base_1\.cc\osr.obj
e:\v8-js\node-v9.3.0\deps\v8\src\debug\obj\v8_base_1\.cc\debug-scopes.obj
e:\v8-js\node-v9.3.0\deps\v8\src\debug\obj\v8_base_1\.cc\gdb-jit.obj
e:\v8-js\node-v9.3.0\deps\v8\src\debug\obj\v8_base_1\.cc\remote-object-id.obj
e:\v8-js\node-v9.3.0\deps\v8\src\debug\obj\v8_base_1\.cc\builtins-collections.obj
e:\v8-js\node-v9.3.0\deps\v8\src\debug\obj\v8_base_1\.cc\builtins-json.obj
e:\v8-js\node-v9.3.0\deps\v8\src\debug\obj\v8_base_1\.cc\builtins-typedarray.obj
e:\v8-js\node-v9.3.0\deps\v8\src\debug\obj\v8_base_1\.cc\compilation-info.obj
e:\v8-js\node-v9.3.0\deps\v8\src\debug\obj\v8_base_1\.cc\branch-elimination.obj
e:\v8-js\node-v9.3.0\deps\v8\src\debug\obj\v8_base_1\.cc\c-linkage.obj
e:\v8-js\node-v9.3.0\deps\v8\src\debug\obj\v8_base_1\.cc\common-operator.obj
e:\v8-js\node-v9.3.0\deps\v8\src\debug\obj\v8_base_1\.cc\operator-properties.obj
e:\v8-js\node-v9.3.0\deps\v8\src\debug\obj\v8_base_1\.cc\debug-frames.obj
e:\v8-js\node-v9.3.0\deps\v8\src\debug\obj\v8_base_1\.cc\diy-fp.obj
e:\v8-js\node-v9.3.0\deps\v8\src\debug\obj\v8_base_1\.cc\flags.obj
e:\v8-js\node-v9.3.0\deps\v8\src\debug\obj\v8_base_1\.cc\frames.obj
e:\v8-js\node-v9.3.0\deps\v8\src\debug\obj\v8_base_1\.cc\embedder-tracing.obj
e:\v8-js\node-v9.3.0\deps\v8\src\debug\obj\v8_base_1\.cc\incremental-marking-job.obj
e:\v8-js\node-v9.3.0\deps\v8\src\debug\obj\v8_base_1\.cc\injected-script.obj
e:\v8-js\node-v9.3.0\deps\v8\src\debug\obj\v8_base_1\.cc\builtins-function.obj
e:\v8-js\node-v9.3.0\deps\v8\src\debug\obj\v8_base_1\.cc\builtins-string.obj
e:\v8-js\node-v9.3.0\deps\v8\src\debug\obj\v8_base_1\.cc\compilation-cache.obj
e:\v8-js\node-v9.3.0\deps\v8\src\debug\obj\v8_base_1\.cc\all-nodes.obj
e:\v8-js\node-v9.3.0\deps\v8\src\debug\obj\v8_base_1\.cc\bytecode-graph-builder.obj
e:\v8-js\node-v9.3.0\deps\v8\src\debug\obj\v8_base_1\.cc\control-flow-optimizer.obj
e:\v8-js\node-v9.3.0\deps\v8\src\debug\obj\v8_base_1\.cc\node-properties.obj
e:\v8-js\node-v9.3.0\deps\v8\src\debug\obj\v8_base_1\.cc\wasm-compiler.obj
e:\v8-js\node-v9.3.0\deps\v8\src\debug\obj\v8_base_1\.cc\debug.obj
e:\v8-js\node-v9.3.0\deps\v8\src\debug\obj\v8_base_1\.cc\code-stats.obj
e:\v8-js\node-v9.3.0\deps\v8\src\debug\obj\v8_base_1\.cc\marking.obj
e:\v8-js\node-v9.3.0\deps\v8\src\debug\obj\v8_base_1\.cc\builtins-array.obj
e:\v8-js\node-v9.3.0\deps\v8\src\debug\obj\v8_base_1\.cc\builtins-promise.obj
e:\v8-js\node-v9.3.0\deps\v8\src\debug\obj\v8_base_1\.cc\access-builder.obj
e:\v8-js\node-v9.3.0\deps\v8\src\debug\obj\v8_base_1\.cc\code-generator.obj
e:\v8-js\node-v9.3.0\deps\v8\src\debug\obj\v8_base_1\.cc\value-numbering-reducer.obj
e:\v8-js\node-v9.3.0\deps\v8\src\debug\obj\v8_base_1\.cc\counters.obj
e:\v8-js\node-v9.3.0\deps\v8\src\debug\obj\v8_base_1\.cc\feedback-vector.obj
e:\v8-js\node-v9.3.0\deps\v8\src\debug\obj\v8_base_1\.cc\gc-idle-time-handler.obj
e:\v8-js\node-v9.3.0\deps\v8\src\debug\obj\v8_base_1\.cc\icu_util.obj
e:\v8-js\node-v9.3.0\deps\v8\src\debug\obj\v8_base_1\.cc\interface-descriptors-ia32.obj
e:\v8-js\node-v9.3.0\deps\v8\src\debug\obj\v8_base_1\.cc\bytecode-array-writer.obj
e:\v8-js\node-v9.3.0\deps\v8\src\debug\obj\v8_base_1\.cc\interpreter-intrinsics.obj
e:\v8-js\node-v9.3.0\deps\v8\src\debug\obj\v8_base_1\.cc\messages.obj
e:\v8-js\node-v9.3.0\deps\v8\src\debug\obj\v8_base_1\.cc\cpu-profiler.obj
e:\v8-js\node-v9.3.0\deps\v8\src\debug\obj\v8_base_1\.cc\runtime-profiler.obj
e:\v8-js\node-v9.3.0\deps\v8\src\debug\obj\v8_base_1\.cc\runtime-interpreter.obj
e:\v8-js\node-v9.3.0\deps\v8\src\debug\obj\v8_base_1\.cc\safepoint-table.obj
e:\v8-js\node-v9.3.0\deps\v8\src\debug\obj\v8_base_1\.cc\snapshot-source-sink.obj
e:\v8-js\node-v9.3.0\deps\v8\src\debug\obj\v8_base_1\.cc\utils.obj
e:\v8-js\node-v9.3.0\deps\v8\src\debug\obj\v8_base_1\.cc\zone-segment.obj
e:\v8-js\node-v9.3.0\deps\v8\src\debug\obj\v8_base_1\.cc\deoptimizer-ia32.obj
e:\v8-js\node-v9.3.0\deps\v8\src\debug\obj\v8_base_1\.cc\bytecode-array-iterator.obj
e:\v8-js\node-v9.3.0\deps\v8\src\debug\obj\v8_base_1\.cc\bytecode-operands.obj
e:\v8-js\node-v9.3.0\deps\v8\src\debug\obj\v8_base_1\.cc\log-utils.obj
e:\v8-js\node-v9.3.0\deps\v8\src\debug\obj\v8_base_1\.cc\expression-scope-reparenter.obj
e:\v8-js\node-v9.3.0\deps\v8\src\debug\obj\v8_base_1\.cc\tick-sample.obj
e:\v8-js\node-v9.3.0\deps\v8\src\debug\obj\v8_base_1\.cc\runtime-debug.obj
e:\v8-js\node-v9.3.0\deps\v8\src\debug\obj\v8_base_1\.cc\runtime-strings.obj
e:\v8-js\node-v9.3.0\deps\v8\src\debug\obj\v8_base_1\.cc\partial-serializer.obj
e:\v8-js\node-v9.3.0\deps\v8\src\debug\obj\v8_base_1\.cc\startup-serializer.obj
e:\v8-js\node-v9.3.0\deps\v8\src\debug\obj\v8_base_1\.cc\compilation-manager.obj
e:\v8-js\node-v9.3.0\deps\v8\src\debug\obj\v8_base_1\.cc\instruction-scheduler-ia32.obj
e:\v8-js\node-v9.3.0\deps\v8\src\debug\obj\v8_base_1\.cc\bytecode-flags.obj
e:\v8-js\node-v9.3.0\deps\v8\src\debug\obj\v8_base_1\.cc\objects.obj
e:\v8-js\node-v9.3.0\deps\v8\src\debug\obj\v8_base_1\.cc\sampling-heap-profiler.obj
e:\v8-js\node-v9.3.0\deps\v8\src\debug\obj\v8_base_1\.cc\runtime-classes.obj
e:\v8-js\node-v9.3.0\deps\v8\src\debug\obj\v8_base_1\.cc\runtime-module.obj
e:\v8-js\node-v9.3.0\deps\v8\src\debug\obj\v8_base_1\.cc\object-deserializer.obj
e:\v8-js\node-v9.3.0\deps\v8\src\debug\obj\v8_base_1\.cc\startup-data-util.obj
e:\v8-js\node-v9.3.0\deps\v8\src\debug\obj\v8_base_1\.cc\string-case.obj
e:\v8-js\node-v9.3.0\deps\v8\src\debug\obj\v8_base_1\.cc\handler-outside.obj
e:\v8-js\node-v9.3.0\deps\v8\src\debug\obj\v8_base_1\.cc\visitors.obj
e:\v8-js\node-v9.3.0\deps\v8\src\debug\obj\v8_base_1\.cc\wasm-code-specialization.obj
e:\v8-js\node-v9.3.0\deps\v8\src\debug\obj\v8_base_1\.cc\handler-compiler-ia32.obj
e:\v8-js\node-v9.3.0\deps\v8\src\debug\obj\v8_base_1\.cc\bytecode-array-accessor.obj
e:\v8-js\node-v9.3.0\deps\v8\src\debug\obj\v8_base_1\.cc\bytecode-label.obj
e:\v8-js\node-v9.3.0\deps\v8\src\debug\obj\v8_base_1\.cc\ostreams.obj
e:\v8-js\node-v9.3.0\deps\v8\src\debug\obj\v8_base_1\.cc\parse-info.obj
e:\v8-js\node-v9.3.0\deps\v8\src\debug\obj\v8_base_1\.cc\jsregexp.obj
e:\v8-js\node-v9.3.0\deps\v8\src\debug\obj\v8_base_1\.cc\runtime-futex.obj
e:\v8-js\node-v9.3.0\deps\v8\src\debug\obj\v8_base_1\.cc\runtime-promise.obj
e:\v8-js\node-v9.3.0\deps\v8\src\debug\obj\v8_base_1\.cc\deserializer.obj
e:\v8-js\node-v9.3.0\deps\v8\src\debug\obj\v8_base_1\.cc\source-position.obj
e:\v8-js\node-v9.3.0\deps\v8\src\debug\obj\v8_base_1\.cc\type-hints.obj
e:\v8-js\node-v9.3.0\deps\v8\src\debug\obj\v8_base_1\.cc\wasm-js.obj
e:\v8-js\node-v9.3.0\deps\v8\src\debug\lib\v8_base_1.lib
e:\v8-js\node-v9.3.0\deps\v8\src\debug\v8_base_1.pdb
e:\v8-js\node-v9.3.0\deps\v8\src\debug\obj\v8_base_1\v8_base_1.tlog\cl.command.1.tlog
e:\v8-js\node-v9.3.0\deps\v8\src\debug\obj\v8_base_1\v8_base_1.tlog\cl.read.1.tlog
e:\v8-js\node-v9.3.0\deps\v8\src\debug\obj\v8_base_1\v8_base_1.tlog\cl.write.1.tlog
e:\v8-js\node-v9.3.0\deps\v8\src\debug\obj\v8_base_1\v8_base_1.tlog\lib-link.read.1.tlog
e:\v8-js\node-v9.3.0\deps\v8\src\debug\obj\v8_base_1\v8_base_1.tlog\lib-link.write.1.tlog
e:\v8-js\node-v9.3.0\deps\v8\src\debug\obj\v8_base_1\v8_base_1.tlog\lib.command.1.tlog
