e:\v8-js\node-v9.3.0\deps\v8\src\debug\obj\v8_builtins_generators\builtins-promise-gen.obj
e:\v8-js\node-v9.3.0\deps\v8\src\debug\obj\v8_builtins_generators\builtins-sharedarraybuffer-gen.obj
e:\v8-js\node-v9.3.0\deps\v8\src\debug\obj\v8_builtins_generators\builtins-typedarray-gen.obj
e:\v8-js\node-v9.3.0\deps\v8\src\debug\obj\v8_builtins_generators\accessor-assembler.obj
e:\v8-js\node-v9.3.0\deps\v8\src\debug\obj\v8_builtins_generators\interpreter-generator.obj
e:\v8-js\node-v9.3.0\deps\v8\src\debug\obj\v8_builtins_generators\builtins-proxy-gen.obj
e:\v8-js\node-v9.3.0\deps\v8\src\debug\obj\v8_builtins_generators\builtins-symbol-gen.obj
e:\v8-js\node-v9.3.0\deps\v8\src\debug\obj\v8_builtins_generators\builtins-ia32.obj
e:\v8-js\node-v9.3.0\deps\v8\src\debug\obj\v8_builtins_generators\binary-op-assembler.obj
e:\v8-js\node-v9.3.0\deps\v8\src\debug\obj\v8_builtins_generators\setup-interpreter-internal.obj
e:\v8-js\node-v9.3.0\deps\v8\src\debug\obj\v8_builtins_generators\builtins-proxy-helpers-gen.obj
e:\v8-js\node-v9.3.0\deps\v8\src\debug\obj\v8_builtins_generators\builtins-string-gen.obj
e:\v8-js\node-v9.3.0\deps\v8\src\debug\obj\v8_builtins_generators\setup-builtins-internal.obj
e:\v8-js\node-v9.3.0\deps\v8\src\debug\obj\v8_builtins_generators\interpreter-assembler.obj
e:\v8-js\node-v9.3.0\deps\v8\src\debug\obj\v8_builtins_generators\builtins-object-gen.obj
e:\v8-js\node-v9.3.0\deps\v8\src\debug\obj\v8_builtins_generators\builtins-regexp-gen.obj
e:\v8-js\node-v9.3.0\deps\v8\src\debug\obj\v8_builtins_generators\builtins-wasm-gen.obj
e:\v8-js\node-v9.3.0\deps\v8\src\debug\obj\v8_builtins_generators\keyed-store-generic.obj
e:\v8-js\node-v9.3.0\deps\v8\src\debug\obj\v8_builtins_generators\interpreter-intrinsics-generator.obj
e:\v8-js\node-v9.3.0\deps\v8\src\debug\obj\v8_builtins_generators\builtins-array-gen.obj
e:\v8-js\node-v9.3.0\deps\v8\src\debug\obj\v8_builtins_generators\builtins-call-gen.obj
e:\v8-js\node-v9.3.0\deps\v8\src\debug\obj\v8_builtins_generators\builtins-conversion-gen.obj
e:\v8-js\node-v9.3.0\deps\v8\src\debug\obj\v8_builtins_generators\builtins-forin-gen.obj
e:\v8-js\node-v9.3.0\deps\v8\src\debug\obj\v8_builtins_generators\builtins-handler-gen.obj
e:\v8-js\node-v9.3.0\deps\v8\src\debug\obj\v8_builtins_generators\builtins-intl-gen.obj
e:\v8-js\node-v9.3.0\deps\v8\src\debug\obj\v8_builtins_generators\builtins-arguments-gen.obj
e:\v8-js\node-v9.3.0\deps\v8\src\debug\obj\v8_builtins_generators\builtins-async-generator-gen.obj
e:\v8-js\node-v9.3.0\deps\v8\src\debug\obj\v8_builtins_generators\builtins-console-gen.obj
e:\v8-js\node-v9.3.0\deps\v8\src\debug\obj\v8_builtins_generators\builtins-date-gen.obj
e:\v8-js\node-v9.3.0\deps\v8\src\debug\obj\v8_builtins_generators\builtins-global-gen.obj
e:\v8-js\node-v9.3.0\deps\v8\src\debug\obj\v8_builtins_generators\builtins-internal-gen.obj
e:\v8-js\node-v9.3.0\deps\v8\src\debug\obj\v8_builtins_generators\builtins-math-gen.obj
e:\v8-js\node-v9.3.0\deps\v8\src\debug\obj\v8_builtins_generators\builtins-async-function-gen.obj
e:\v8-js\node-v9.3.0\deps\v8\src\debug\obj\v8_builtins_generators\builtins-async-iterator-gen.obj
e:\v8-js\node-v9.3.0\deps\v8\src\debug\obj\v8_builtins_generators\builtins-collections-gen.obj
e:\v8-js\node-v9.3.0\deps\v8\src\debug\obj\v8_builtins_generators\builtins-debug-gen.obj
e:\v8-js\node-v9.3.0\deps\v8\src\debug\obj\v8_builtins_generators\builtins-generator-gen.obj
e:\v8-js\node-v9.3.0\deps\v8\src\debug\obj\v8_builtins_generators\builtins-interpreter-gen.obj
e:\v8-js\node-v9.3.0\deps\v8\src\debug\obj\v8_builtins_generators\builtins-number-gen.obj
e:\v8-js\node-v9.3.0\deps\v8\src\debug\obj\v8_builtins_generators\builtins-async-gen.obj
e:\v8-js\node-v9.3.0\deps\v8\src\debug\obj\v8_builtins_generators\builtins-boolean-gen.obj
e:\v8-js\node-v9.3.0\deps\v8\src\debug\obj\v8_builtins_generators\builtins-constructor-gen.obj
e:\v8-js\node-v9.3.0\deps\v8\src\debug\obj\v8_builtins_generators\builtins-function-gen.obj
e:\v8-js\node-v9.3.0\deps\v8\src\debug\obj\v8_builtins_generators\builtins-ic-gen.obj
e:\v8-js\node-v9.3.0\deps\v8\src\debug\obj\v8_builtins_generators\builtins-iterator-gen.obj
e:\v8-js\node-v9.3.0\deps\v8\src\debug\obj\v8_builtins_generators\v8_builtins_generators.pdb
e:\v8-js\node-v9.3.0\deps\v8\src\debug\lib\v8_builtins_generators.lib
e:\v8-js\node-v9.3.0\deps\v8\src\debug\v8_builtins_generators.pdb
e:\v8-js\node-v9.3.0\deps\v8\src\debug\obj\v8_builtins_generators\v8_built.5db28698.tlog\cl.command.1.tlog
e:\v8-js\node-v9.3.0\deps\v8\src\debug\obj\v8_builtins_generators\v8_built.5db28698.tlog\cl.read.1.tlog
e:\v8-js\node-v9.3.0\deps\v8\src\debug\obj\v8_builtins_generators\v8_built.5db28698.tlog\cl.write.1.tlog
e:\v8-js\node-v9.3.0\deps\v8\src\debug\obj\v8_builtins_generators\v8_built.5db28698.tlog\lib-link.read.1.tlog
e:\v8-js\node-v9.3.0\deps\v8\src\debug\obj\v8_builtins_generators\v8_built.5db28698.tlog\lib-link.write.1.tlog
e:\v8-js\node-v9.3.0\deps\v8\src\debug\obj\v8_builtins_generators\v8_built.5db28698.tlog\lib.command.1.tlog
