e:\v8-js\node-v9.3.0\tools\icu\debug\obj\icui18n\affixpatternparser.obj
e:\v8-js\node-v9.3.0\tools\icu\debug\obj\icui18n\basictz.obj
e:\v8-js\node-v9.3.0\tools\icu\debug\obj\icui18n\calendar.obj
e:\v8-js\node-v9.3.0\tools\icu\debug\obj\icui18n\choicfmt.obj
e:\v8-js\node-v9.3.0\tools\icu\debug\obj\icui18n\collationbuilder.obj
e:\v8-js\node-v9.3.0\tools\icu\debug\obj\icui18n\collationdatabuilder.obj
e:\v8-js\node-v9.3.0\tools\icu\debug\obj\icui18n\collationfastlatinbuilder.obj
e:\v8-js\node-v9.3.0\tools\icu\debug\obj\icui18n\collationiterator.obj
e:\v8-js\node-v9.3.0\tools\icu\debug\obj\icui18n\collationsets.obj
e:\v8-js\node-v9.3.0\tools\icu\debug\obj\icui18n\collationweights.obj
e:\v8-js\node-v9.3.0\tools\icu\debug\obj\icui18n\coptccal.obj
e:\v8-js\node-v9.3.0\tools\icu\debug\obj\icui18n\csdetect.obj
e:\v8-js\node-v9.3.0\tools\icu\debug\obj\icui18n\csr2022.obj
e:\v8-js\node-v9.3.0\tools\icu\debug\obj\icui18n\csrecog.obj
e:\v8-js\node-v9.3.0\tools\icu\debug\obj\icui18n\csrmbcs.obj
e:\v8-js\node-v9.3.0\tools\icu\debug\obj\icui18n\csrsbcs.obj
e:\v8-js\node-v9.3.0\tools\icu\debug\obj\icui18n\curramt.obj
e:\v8-js\node-v9.3.0\tools\icu\debug\obj\icui18n\dangical.obj
e:\v8-js\node-v9.3.0\tools\icu\debug\obj\icui18n\deccontext.obj
e:\v8-js\node-v9.3.0\tools\icu\debug\obj\icui18n\decfmtst.obj
e:\v8-js\node-v9.3.0\tools\icu\debug\obj\icui18n\decimalformatpattern.obj
e:\v8-js\node-v9.3.0\tools\icu\debug\obj\icui18n\digitaffixesandpadding.obj
e:\v8-js\node-v9.3.0\tools\icu\debug\obj\icui18n\digitgrouping.obj
e:\v8-js\node-v9.3.0\tools\icu\debug\obj\icui18n\digitinterval.obj
e:\v8-js\node-v9.3.0\tools\icu\debug\obj\icui18n\digitlst.obj
e:\v8-js\node-v9.3.0\tools\icu\debug\obj\icui18n\dtitvinf.obj
e:\v8-js\node-v9.3.0\tools\icu\debug\obj\icui18n\esctrn.obj
e:\v8-js\node-v9.3.0\tools\icu\debug\obj\icui18n\fmtable_cnv.obj
e:\v8-js\node-v9.3.0\tools\icu\debug\obj\icui18n\gregocal.obj
e:\v8-js\node-v9.3.0\tools\icu\debug\obj\icui18n\indiancal.obj
e:\v8-js\node-v9.3.0\tools\icu\debug\obj\icui18n\measunit.obj
e:\v8-js\node-v9.3.0\tools\icu\debug\obj\icui18n\name2uni.obj
e:\v8-js\node-v9.3.0\tools\icu\debug\obj\icui18n\nfsubs.obj
e:\v8-js\node-v9.3.0\tools\icu\debug\obj\icui18n\nounit.obj
e:\v8-js\node-v9.3.0\tools\icu\debug\obj\icui18n\number_compact.obj
e:\v8-js\node-v9.3.0\tools\icu\debug\obj\icui18n\number_formatimpl.obj
e:\v8-js\node-v9.3.0\tools\icu\debug\obj\icui18n\number_longnames.obj
e:\v8-js\node-v9.3.0\tools\icu\debug\obj\icui18n\number_patternmodifier.obj
e:\v8-js\node-v9.3.0\tools\icu\debug\obj\icui18n\number_scientific.obj
e:\v8-js\node-v9.3.0\tools\icu\debug\obj\icui18n\numsys.obj
e:\v8-js\node-v9.3.0\tools\icu\debug\obj\icui18n\pluralaffix.obj
e:\v8-js\node-v9.3.0\tools\icu\debug\obj\icui18n\plurfmt.obj
e:\v8-js\node-v9.3.0\tools\icu\debug\obj\icui18n\quantityformatter.obj
e:\v8-js\node-v9.3.0\tools\icu\debug\obj\icui18n\rbt_data.obj
e:\v8-js\node-v9.3.0\tools\icu\debug\obj\icui18n\rbt_pars.obj
e:\v8-js\node-v9.3.0\tools\icu\debug\obj\icui18n\region.obj
e:\v8-js\node-v9.3.0\tools\icu\debug\obj\icui18n\repattrn.obj
e:\v8-js\node-v9.3.0\tools\icu\debug\obj\icui18n\rulebasedcollator.obj
e:\v8-js\node-v9.3.0\tools\icu\debug\obj\icui18n\selfmt.obj
e:\v8-js\node-v9.3.0\tools\icu\debug\obj\icui18n\smallintformatter.obj
e:\v8-js\node-v9.3.0\tools\icu\debug\obj\icui18n\smpdtfst.obj
e:\v8-js\node-v9.3.0\tools\icu\debug\obj\icui18n\strmatch.obj
e:\v8-js\node-v9.3.0\tools\icu\debug\obj\icui18n\stsearch.obj
e:\v8-js\node-v9.3.0\tools\icu\debug\obj\icui18n\tmunit.obj
e:\v8-js\node-v9.3.0\tools\icu\debug\obj\icui18n\tmutamt.obj
e:\v8-js\node-v9.3.0\tools\icu\debug\obj\icui18n\translit.obj
e:\v8-js\node-v9.3.0\tools\icu\debug\obj\icui18n\tzgnames.obj
e:\v8-js\node-v9.3.0\tools\icu\debug\obj\icui18n\tznames_impl.obj
e:\v8-js\node-v9.3.0\tools\icu\debug\obj\icui18n\ucol.obj
e:\v8-js\node-v9.3.0\tools\icu\debug\obj\icui18n\ucol_sit.obj
e:\v8-js\node-v9.3.0\tools\icu\debug\obj\icui18n\udatpg.obj
e:\v8-js\node-v9.3.0\tools\icu\debug\obj\icui18n\ulocdata.obj
e:\v8-js\node-v9.3.0\tools\icu\debug\obj\icui18n\uni2name.obj
e:\v8-js\node-v9.3.0\tools\icu\debug\obj\icui18n\uregex.obj
e:\v8-js\node-v9.3.0\tools\icu\debug\obj\icui18n\uregexc.obj
e:\v8-js\node-v9.3.0\tools\icu\debug\obj\icui18n\uspoof.obj
e:\v8-js\node-v9.3.0\tools\icu\debug\obj\icui18n\uspoof_impl.obj
e:\v8-js\node-v9.3.0\tools\icu\debug\obj\icui18n\valueformatter.obj
e:\v8-js\node-v9.3.0\tools\icu\debug\obj\icui18n\visibledigits.obj
e:\v8-js\node-v9.3.0\tools\icu\debug\obj\icui18n\winnmfmt.obj
e:\v8-js\node-v9.3.0\tools\icu\debug\obj\icui18n\zrule.obj
e:\v8-js\node-v9.3.0\tools\icu\debug\obj\icui18n\alphaindex.obj
e:\v8-js\node-v9.3.0\tools\icu\debug\obj\icui18n\buddhcal.obj
e:\v8-js\node-v9.3.0\tools\icu\debug\obj\icui18n\cecal.obj
e:\v8-js\node-v9.3.0\tools\icu\debug\obj\icui18n\coll.obj
e:\v8-js\node-v9.3.0\tools\icu\debug\obj\icui18n\collationdatareader.obj
e:\v8-js\node-v9.3.0\tools\icu\debug\obj\icui18n\collationfcd.obj
e:\v8-js\node-v9.3.0\tools\icu\debug\obj\icui18n\collationkeys.obj
e:\v8-js\node-v9.3.0\tools\icu\debug\obj\icui18n\compactdecimalformat.obj
e:\v8-js\node-v9.3.0\tools\icu\debug\obj\icui18n\csrucode.obj
e:\v8-js\node-v9.3.0\tools\icu\debug\obj\icui18n\csrutf8.obj
e:\v8-js\node-v9.3.0\tools\icu\debug\obj\icui18n\currfmt.obj
e:\v8-js\node-v9.3.0\tools\icu\debug\obj\icui18n\datefmt.obj
e:\v8-js\node-v9.3.0\tools\icu\debug\obj\icui18n\decnumber.obj
e:\v8-js\node-v9.3.0\tools\icu\debug\obj\icui18n\digitaffix.obj
e:\v8-js\node-v9.3.0\tools\icu\debug\obj\icui18n\dtitvfmt.obj
e:\v8-js\node-v9.3.0\tools\icu\debug\obj\icui18n\ethpccal.obj
e:\v8-js\node-v9.3.0\tools\icu\debug\obj\icui18n\gender.obj
e:\v8-js\node-v9.3.0\tools\icu\debug\obj\icui18n\inputext.obj
e:\v8-js\node-v9.3.0\tools\icu\debug\obj\icui18n\japancal.obj
e:\v8-js\node-v9.3.0\tools\icu\debug\obj\icui18n\msgfmt.obj
e:\v8-js\node-v9.3.0\tools\icu\debug\obj\icui18n\nortrans.obj
e:\v8-js\node-v9.3.0\tools\icu\debug\obj\icui18n\number_decimfmtprops.obj
e:\v8-js\node-v9.3.0\tools\icu\debug\obj\icui18n\number_integerwidth.obj
e:\v8-js\node-v9.3.0\tools\icu\debug\obj\icui18n\number_padding.obj
e:\v8-js\node-v9.3.0\tools\icu\debug\obj\icui18n\number_stringbuilder.obj
e:\v8-js\node-v9.3.0\tools\icu\debug\obj\icui18n\persncal.obj
e:\v8-js\node-v9.3.0\tools\icu\debug\obj\icui18n\quant.obj
e:\v8-js\node-v9.3.0\tools\icu\debug\obj\icui18n\rbt.obj
e:\v8-js\node-v9.3.0\tools\icu\debug\obj\icui18n\regexcmp.obj
e:\v8-js\node-v9.3.0\tools\icu\debug\obj\icui18n\regeximp.obj
e:\v8-js\node-v9.3.0\tools\icu\debug\obj\icui18n\regexst.obj
e:\v8-js\node-v9.3.0\tools\icu\debug\obj\icui18n\regextxt.obj
e:\v8-js\node-v9.3.0\tools\icu\debug\obj\icui18n\rematch.obj
e:\v8-js\node-v9.3.0\tools\icu\debug\obj\icui18n\remtrans.obj
e:\v8-js\node-v9.3.0\tools\icu\debug\obj\icui18n\scriptset.obj
e:\v8-js\node-v9.3.0\tools\icu\debug\obj\icui18n\simpletz.obj
e:\v8-js\node-v9.3.0\tools\icu\debug\obj\icui18n\standardplural.obj
e:\v8-js\node-v9.3.0\tools\icu\debug\obj\icui18n\taiwncal.obj
e:\v8-js\node-v9.3.0\tools\icu\debug\obj\icui18n\tolowtrn.obj
e:\v8-js\node-v9.3.0\tools\icu\debug\obj\icui18n\tridpars.obj
e:\v8-js\node-v9.3.0\tools\icu\debug\obj\icui18n\tzrule.obj
e:\v8-js\node-v9.3.0\tools\icu\debug\obj\icui18n\ucln_in.obj
e:\v8-js\node-v9.3.0\tools\icu\debug\obj\icui18n\ucol_res.obj
e:\v8-js\node-v9.3.0\tools\icu\debug\obj\icui18n\ufieldpositer.obj
e:\v8-js\node-v9.3.0\tools\icu\debug\obj\icui18n\uitercollationiterator.obj
e:\v8-js\node-v9.3.0\tools\icu\debug\obj\icui18n\unum.obj
e:\v8-js\node-v9.3.0\tools\icu\debug\obj\icui18n\usearch.obj
e:\v8-js\node-v9.3.0\tools\icu\debug\obj\icui18n\utf16collationiterator.obj
e:\v8-js\node-v9.3.0\tools\icu\debug\obj\icui18n\vtzone.obj
e:\v8-js\node-v9.3.0\tools\icu\debug\obj\icui18n\zonemeta.obj
e:\v8-js\node-v9.3.0\tools\icu\debug\obj\icui18n\astro.obj
e:\v8-js\node-v9.3.0\tools\icu\debug\obj\icui18n\bocsu.obj
e:\v8-js\node-v9.3.0\tools\icu\debug\obj\icui18n\casetrn.obj
e:\v8-js\node-v9.3.0\tools\icu\debug\obj\icui18n\coleitr.obj
e:\v8-js\node-v9.3.0\tools\icu\debug\obj\icui18n\collationdata.obj
e:\v8-js\node-v9.3.0\tools\icu\debug\obj\icui18n\collationfastlatin.obj
e:\v8-js\node-v9.3.0\tools\icu\debug\obj\icui18n\collationrootelements.obj
e:\v8-js\node-v9.3.0\tools\icu\debug\obj\icui18n\collationruleparser.obj
e:\v8-js\node-v9.3.0\tools\icu\debug\obj\icui18n\collationtailoring.obj
e:\v8-js\node-v9.3.0\tools\icu\debug\obj\icui18n\csmatch.obj
e:\v8-js\node-v9.3.0\tools\icu\debug\obj\icui18n\currunit.obj
e:\v8-js\node-v9.3.0\tools\icu\debug\obj\icui18n\dcfmtsym.obj
e:\v8-js\node-v9.3.0\tools\icu\debug\obj\icui18n\decimfmtimpl.obj
e:\v8-js\node-v9.3.0\tools\icu\debug\obj\icui18n\dtfmtsym.obj
e:\v8-js\node-v9.3.0\tools\icu\debug\obj\icui18n\dtrule.obj
e:\v8-js\node-v9.3.0\tools\icu\debug\obj\icui18n\fmtable.obj
e:\v8-js\node-v9.3.0\tools\icu\debug\obj\icui18n\format.obj
e:\v8-js\node-v9.3.0\tools\icu\debug\obj\icui18n\gregoimp.obj
e:\v8-js\node-v9.3.0\tools\icu\debug\obj\icui18n\islamcal.obj
e:\v8-js\node-v9.3.0\tools\icu\debug\obj\icui18n\measure.obj
e:\v8-js\node-v9.3.0\tools\icu\debug\obj\icui18n\nfrs.obj
e:\v8-js\node-v9.3.0\tools\icu\debug\obj\icui18n\nultrans.obj
e:\v8-js\node-v9.3.0\tools\icu\debug\obj\icui18n\number_decimalquantity.obj
e:\v8-js\node-v9.3.0\tools\icu\debug\obj\icui18n\number_grouping.obj
e:\v8-js\node-v9.3.0\tools\icu\debug\obj\icui18n\number_notation.obj
e:\v8-js\node-v9.3.0\tools\icu\debug\obj\icui18n\number_patternstring.obj
e:\v8-js\node-v9.3.0\tools\icu\debug\obj\icui18n\numfmt.obj
e:\v8-js\node-v9.3.0\tools\icu\debug\obj\icui18n\plurrule.obj
e:\v8-js\node-v9.3.0\tools\icu\debug\obj\icui18n\rbtz.obj
e:\v8-js\node-v9.3.0\tools\icu\debug\obj\icui18n\rbt_set.obj
e:\v8-js\node-v9.3.0\tools\icu\debug\obj\icui18n\reldtfmt.obj
e:\v8-js\node-v9.3.0\tools\icu\debug\obj\icui18n\scientificnumberformatter.obj
e:\v8-js\node-v9.3.0\tools\icu\debug\obj\icui18n\sharedbreakiterator.obj
e:\v8-js\node-v9.3.0\tools\icu\debug\obj\icui18n\sortkey.obj
e:\v8-js\node-v9.3.0\tools\icu\debug\obj\icui18n\timezone.obj
e:\v8-js\node-v9.3.0\tools\icu\debug\obj\icui18n\tmutfmt.obj
e:\v8-js\node-v9.3.0\tools\icu\debug\obj\icui18n\transreg.obj
e:\v8-js\node-v9.3.0\tools\icu\debug\obj\icui18n\tznames.obj
e:\v8-js\node-v9.3.0\tools\icu\debug\obj\icui18n\ucal.obj
e:\v8-js\node-v9.3.0\tools\icu\debug\obj\icui18n\ucsdet.obj
e:\v8-js\node-v9.3.0\tools\icu\debug\obj\icui18n\udat.obj
e:\v8-js\node-v9.3.0\tools\icu\debug\obj\icui18n\umsg.obj
e:\v8-js\node-v9.3.0\tools\icu\debug\obj\icui18n\unumsys.obj
e:\v8-js\node-v9.3.0\tools\icu\debug\obj\icui18n\uregion.obj
e:\v8-js\node-v9.3.0\tools\icu\debug\obj\icui18n\uspoof_conf.obj
e:\v8-js\node-v9.3.0\tools\icu\debug\obj\icui18n\utf8collationiterator.obj
e:\v8-js\node-v9.3.0\tools\icu\debug\obj\icui18n\vzone.obj
e:\v8-js\node-v9.3.0\tools\icu\debug\obj\icui18n\wintzimpl.obj
e:\v8-js\node-v9.3.0\tools\icu\debug\obj\icui18n\anytrans.obj
e:\v8-js\node-v9.3.0\tools\icu\debug\obj\icui18n\brktrans.obj
e:\v8-js\node-v9.3.0\tools\icu\debug\obj\icui18n\chnsecal.obj
e:\v8-js\node-v9.3.0\tools\icu\debug\obj\icui18n\collation.obj
e:\v8-js\node-v9.3.0\tools\icu\debug\obj\icui18n\collationcompare.obj
e:\v8-js\node-v9.3.0\tools\icu\debug\obj\icui18n\collationdatawriter.obj
e:\v8-js\node-v9.3.0\tools\icu\debug\obj\icui18n\collationroot.obj
e:\v8-js\node-v9.3.0\tools\icu\debug\obj\icui18n\collationsettings.obj
e:\v8-js\node-v9.3.0\tools\icu\debug\obj\icui18n\cpdtrans.obj
e:\v8-js\node-v9.3.0\tools\icu\debug\obj\icui18n\currpinf.obj
e:\v8-js\node-v9.3.0\tools\icu\debug\obj\icui18n\dayperiodrules.obj
e:\v8-js\node-v9.3.0\tools\icu\debug\obj\icui18n\decimfmt.obj
e:\v8-js\node-v9.3.0\tools\icu\debug\obj\icui18n\digitformatter.obj
e:\v8-js\node-v9.3.0\tools\icu\debug\obj\icui18n\dtptngen.obj
e:\v8-js\node-v9.3.0\tools\icu\debug\obj\icui18n\fphdlimp.obj
e:\v8-js\node-v9.3.0\tools\icu\debug\obj\icui18n\fpositer.obj
e:\v8-js\node-v9.3.0\tools\icu\debug\obj\icui18n\funcrepl.obj
e:\v8-js\node-v9.3.0\tools\icu\debug\obj\icui18n\hebrwcal.obj
e:\v8-js\node-v9.3.0\tools\icu\debug\obj\icui18n\measfmt.obj
e:\v8-js\node-v9.3.0\tools\icu\debug\obj\icui18n\nfrule.obj
e:\v8-js\node-v9.3.0\tools\icu\debug\obj\icui18n\number_affixutils.obj
e:\v8-js\node-v9.3.0\tools\icu\debug\obj\icui18n\number_fluent.obj
e:\v8-js\node-v9.3.0\tools\icu\debug\obj\icui18n\number_modifiers.obj
e:\v8-js\node-v9.3.0\tools\icu\debug\obj\icui18n\number_rounding.obj
e:\v8-js\node-v9.3.0\tools\icu\debug\obj\icui18n\olsontz.obj
e:\v8-js\node-v9.3.0\tools\icu\debug\obj\icui18n\precision.obj
e:\v8-js\node-v9.3.0\tools\icu\debug\obj\icui18n\rbnf.obj
e:\v8-js\node-v9.3.0\tools\icu\debug\obj\icui18n\rbt_rule.obj
e:\v8-js\node-v9.3.0\tools\icu\debug\obj\icui18n\reldatefmt.obj
e:\v8-js\node-v9.3.0\tools\icu\debug\obj\icui18n\search.obj
e:\v8-js\node-v9.3.0\tools\icu\debug\obj\icui18n\smpdtfmt.obj
e:\v8-js\node-v9.3.0\tools\icu\debug\obj\icui18n\strrepl.obj
e:\v8-js\node-v9.3.0\tools\icu\debug\obj\icui18n\titletrn.obj
e:\v8-js\node-v9.3.0\tools\icu\debug\obj\icui18n\toupptrn.obj
e:\v8-js\node-v9.3.0\tools\icu\debug\obj\icui18n\tzfmt.obj
e:\v8-js\node-v9.3.0\tools\icu\debug\obj\icui18n\tztrans.obj
e:\v8-js\node-v9.3.0\tools\icu\debug\obj\icui18n\ucoleitr.obj
e:\v8-js\node-v9.3.0\tools\icu\debug\obj\icui18n\udateintervalformat.obj
e:\v8-js\node-v9.3.0\tools\icu\debug\obj\icui18n\unesctrn.obj
e:\v8-js\node-v9.3.0\tools\icu\debug\obj\icui18n\upluralrules.obj
e:\v8-js\node-v9.3.0\tools\icu\debug\obj\icui18n\uspoof_build.obj
e:\v8-js\node-v9.3.0\tools\icu\debug\obj\icui18n\utmscale.obj
e:\v8-js\node-v9.3.0\tools\icu\debug\obj\icui18n\utrans.obj
e:\v8-js\node-v9.3.0\tools\icu\debug\obj\icui18n\windtfmt.obj
e:\v8-js\node-v9.3.0\tools\icu\debug\obj\icui18n\ztrans.obj
e:\v8-js\node-v9.3.0\tools\icu\debug\obj\icui18n\icui18n.pdb
e:\v8-js\node-v9.3.0\deps\v8\src\debug\lib\icui18n.lib
e:\v8-js\node-v9.3.0\deps\v8\src\debug\icui18n.pdb
e:\v8-js\node-v9.3.0\tools\icu\debug\obj\icui18n\icui18n.tlog\cl.command.1.tlog
e:\v8-js\node-v9.3.0\tools\icu\debug\obj\icui18n\icui18n.tlog\cl.read.1.tlog
e:\v8-js\node-v9.3.0\tools\icu\debug\obj\icui18n\icui18n.tlog\cl.write.1.tlog
e:\v8-js\node-v9.3.0\tools\icu\debug\obj\icui18n\icui18n.tlog\lib-link.read.1.tlog
e:\v8-js\node-v9.3.0\tools\icu\debug\obj\icui18n\icui18n.tlog\lib-link.write.1.tlog
e:\v8-js\node-v9.3.0\tools\icu\debug\obj\icui18n\icui18n.tlog\lib.command.1.tlog
