e:\v8-js\node-v9.3.0\deps\v8\src\release\obj\v8_base_2\.cc\string-16.obj
e:\v8-js\node-v9.3.0\deps\v8\src\release\obj\v8_base_2\.cc\v8-inspector-impl.obj
e:\v8-js\node-v9.3.0\deps\v8\src\release\obj\v8_base_2\.cc\switch-logic.obj
e:\v8-js\node-v9.3.0\deps\v8\src\release\obj\v8_base_2\.cc\ast-function-literal-id-reindexer.obj
e:\v8-js\node-v9.3.0\deps\v8\src\release\obj\v8_base_2\.cc\variables.obj
e:\v8-js\node-v9.3.0\deps\v8\src\release\obj\v8_base_2\.cc\builtins-math.obj
e:\v8-js\node-v9.3.0\deps\v8\src\release\obj\v8_base_2\.cc\codegen.obj
e:\v8-js\node-v9.3.0\deps\v8\src\release\obj\v8_base_2\.cc\graph-reducer.obj
e:\v8-js\node-v9.3.0\deps\v8\src\release\obj\v8_base_2\.cc\instruction-scheduler.obj
e:\v8-js\node-v9.3.0\deps\v8\src\release\obj\v8_base_2\.cc\js-inlining-heuristic.obj
e:\v8-js\node-v9.3.0\deps\v8\src\release\obj\v8_base_2\.cc\jump-threading.obj
e:\v8-js\node-v9.3.0\deps\v8\src\release\obj\v8_base_2\.cc\raw-machine-assembler.obj
e:\v8-js\node-v9.3.0\deps\v8\src\release\obj\v8_base_2\.cc\simd-scalar-lowering.obj
e:\v8-js\node-v9.3.0\deps\v8\src\release\obj\v8_base_2\.cc\compiler-dispatcher-tracer.obj
e:\v8-js\node-v9.3.0\deps\v8\src\release\obj\v8_base_2\.cc\conversions.obj
e:\v8-js\node-v9.3.0\deps\v8\src\release\obj\v8_base_2\.cc\externalize-string-extension.obj
e:\v8-js\node-v9.3.0\deps\v8\src\release\obj\v8_base_2\.cc\fast-dtoa.obj
e:\v8-js\node-v9.3.0\deps\v8\src\release\obj\v8_base_2\.cc\heap.obj
e:\v8-js\node-v9.3.0\deps\v8\src\release\obj\v8_base_2\.cc\handler-configuration.obj
e:\v8-js\node-v9.3.0\deps\v8\src\release\obj\v8_base_2\.cc\bytecode-register-optimizer.obj
e:\v8-js\node-v9.3.0\deps\v8\src\release\obj\v8_base_2\.cc\json-parser.obj
e:\v8-js\node-v9.3.0\deps\v8\src\release\obj\v8_base_2\.cc\machine-type.obj
e:\v8-js\node-v9.3.0\deps\v8\src\release\obj\v8_base_2\.cc\objects-debug.obj
e:\v8-js\node-v9.3.0\deps\v8\src\release\obj\v8_base_2\.cc\scanner-character-streams.obj
e:\v8-js\node-v9.3.0\deps\v8\src\release\obj\v8_base_2\.cc\regexp-stack.obj
e:\v8-js\node-v9.3.0\deps\v8\src\release\obj\v8_base_2\.cc\runtime-forin.obj
e:\v8-js\node-v9.3.0\deps\v8\src\release\obj\v8_base_2\.cc\runtime-symbol.obj
e:\v8-js\node-v9.3.0\deps\v8\src\release\obj\v8_base_2\.cc\uri.obj
e:\v8-js\node-v9.3.0\deps\v8\src\release\obj\v8_base_2\.cc\wasm-module-builder.obj
e:\v8-js\node-v9.3.0\deps\v8\src\release\obj\v8_base_2\.cc\disasm-ia32.obj
e:\v8-js\node-v9.3.0\deps\v8\src\release\obj\v8_base_2\.cc\regexp-macro-assembler-ia32.obj
e:\v8-js\node-v9.3.0\deps\v8\src\release\obj\v8_base_2\.cc\v8-debugger.obj
e:\v8-js\node-v9.3.0\deps\v8\src\release\obj\v8_base_2\.cc\address-map.obj
e:\v8-js\node-v9.3.0\deps\v8\src\release\obj\v8_base_2\.cc\prettyprinter.obj
e:\v8-js\node-v9.3.0\deps\v8\src\release\obj\v8_base_2\.cc\builtins-global.obj
e:\v8-js\node-v9.3.0\deps\v8\src\release\obj\v8_base_2\.cc\effect-control-linearizer.obj
e:\v8-js\node-v9.3.0\deps\v8\src\release\obj\v8_base_2\.cc\js-call-reducer.obj
e:\v8-js\node-v9.3.0\deps\v8\src\release\obj\v8_base_2\.cc\js-native-context-specialization.obj
e:\v8-js\node-v9.3.0\deps\v8\src\release\obj\v8_base_2\.cc\memory-optimizer.obj
e:\v8-js\node-v9.3.0\deps\v8\src\release\obj\v8_base_2\.cc\scheduler.obj
e:\v8-js\node-v9.3.0\deps\v8\src\release\obj\v8_base_2\.cc\type-cache.obj
e:\v8-js\node-v9.3.0\deps\v8\src\release\obj\v8_base_2\.cc\compiler-dispatcher.obj
e:\v8-js\node-v9.3.0\deps\v8\src\release\obj\v8_base_2\.cc\debug-evaluate.obj
e:\v8-js\node-v9.3.0\deps\v8\src\release\obj\v8_base_2\.cc\fixed-dtoa.obj
e:\v8-js\node-v9.3.0\deps\v8\src\release\obj\v8_base_2\.cc\invalidated-slots.obj
e:\v8-js\node-v9.3.0\deps\v8\src\release\obj\v8_base_2\.cc\sequential-marking-deque.obj
e:\v8-js\node-v9.3.0\deps\v8\src\release\obj\v8_base_2\.cc\ic-stats.obj
e:\v8-js\node-v9.3.0\deps\v8\src\release\obj\v8_base_2\.cc\layout-descriptor.obj
e:\v8-js\node-v9.3.0\deps\v8\src\release\obj\v8_base_2\.cc\intl-objects.obj
e:\v8-js\node-v9.3.0\deps\v8\src\release\obj\v8_base_2\.cc\token.obj
e:\v8-js\node-v9.3.0\deps\v8\src\release\obj\v8_base_2\.cc\heap-snapshot-generator.obj
e:\v8-js\node-v9.3.0\deps\v8\src\release\obj\v8_base_2\.cc\runtime-generator.obj
e:\v8-js\node-v9.3.0\deps\v8\src\release\obj\v8_base_2\.cc\string-stream.obj
e:\v8-js\node-v9.3.0\deps\v8\src\release\obj\v8_base_2\.cc\signature-map.obj
e:\v8-js\node-v9.3.0\deps\v8\src\release\obj\v8_base_2\.cc\wasm-debug.obj
e:\v8-js\node-v9.3.0\deps\v8\src\release\obj\v8_base_2\.cc\instruction-selector-ia32.obj
e:\v8-js\node-v9.3.0\deps\v8\src\release\obj\v8_base_2\.cc\test-interface.obj
e:\v8-js\node-v9.3.0\deps\v8\src\release\obj\v8_base_2\.cc\v8-heap-profiler-agent-impl.obj
e:\v8-js\node-v9.3.0\deps\v8\src\release\obj\v8_base_2\.cc\v8-regex.obj
e:\v8-js\node-v9.3.0\deps\v8\src\release\obj\v8_base_2\.cc\v8-value-utils.obj
e:\v8-js\node-v9.3.0\deps\v8\src\release\obj\v8_base_2\.cc\arguments.obj
e:\v8-js\node-v9.3.0\deps\v8\src\release\obj\v8_base_2\.cc\ast.obj
e:\v8-js\node-v9.3.0\deps\v8\src\release\obj\v8_base_2\.cc\bailout-reason.obj
e:\v8-js\node-v9.3.0\deps\v8\src\release\obj\v8_base_2\.cc\bignum-dtoa.obj
e:\v8-js\node-v9.3.0\deps\v8\src\release\obj\v8_base_2\.cc\builtins-boolean.obj
e:\v8-js\node-v9.3.0\deps\v8\src\release\obj\v8_base_2\.cc\builtins-reflect.obj
e:\v8-js\node-v9.3.0\deps\v8\src\release\obj\v8_base_2\.cc\char-predicates.obj
e:\v8-js\node-v9.3.0\deps\v8\src\release\obj\v8_base_2\.cc\checkpoint-elimination.obj
e:\v8-js\node-v9.3.0\deps\v8\src\release\obj\v8_base_2\.cc\escape-analysis-reducer.obj
e:\v8-js\node-v9.3.0\deps\v8\src\release\obj\v8_base_2\.cc\gap-resolver.obj
e:\v8-js\node-v9.3.0\deps\v8\src\release\obj\v8_base_2\.cc\int64-lowering.obj
e:\v8-js\node-v9.3.0\deps\v8\src\release\obj\v8_base_2\.cc\js-create-lowering.obj
e:\v8-js\node-v9.3.0\deps\v8\src\release\obj\v8_base_2\.cc\js-type-hint-lowering.obj
e:\v8-js\node-v9.3.0\deps\v8\src\release\obj\v8_base_2\.cc\loop-analysis.obj
e:\v8-js\node-v9.3.0\deps\v8\src\release\obj\v8_base_2\.cc\loop-variable-optimizer.obj
e:\v8-js\node-v9.3.0\deps\v8\src\release\obj\v8_base_2\.cc\machine-operator.obj
e:\v8-js\node-v9.3.0\deps\v8\src\release\obj\v8_base_2\.cc\new-escape-analysis.obj
e:\v8-js\node-v9.3.0\deps\v8\src\release\obj\v8_base_2\.cc\representation-change.obj
e:\v8-js\node-v9.3.0\deps\v8\src\release\obj\v8_base_2\.cc\simplified-operator-reducer.obj
e:\v8-js\node-v9.3.0\deps\v8\src\release\obj\v8_base_2\.cc\typer.obj
e:\v8-js\node-v9.3.0\deps\v8\src\release\obj\v8_base_2\.cc\dateparser.obj
e:\v8-js\node-v9.3.0\deps\v8\src\release\obj\v8_base_2\.cc\deoptimize-reason.obj
e:\v8-js\node-v9.3.0\deps\v8\src\release\obj\v8_base_2\.cc\eh-frame.obj
e:\v8-js\node-v9.3.0\deps\v8\src\release\obj\v8_base_2\.cc\gc-extension.obj
e:\v8-js\node-v9.3.0\deps\v8\src\release\obj\v8_base_2\.cc\external-reference-table.obj
e:\v8-js\node-v9.3.0\deps\v8\src\release\obj\v8_base_2\.cc\objects-visiting.obj
e:\v8-js\node-v9.3.0\deps\v8\src\release\obj\v8_base_2\.cc\spaces.obj
e:\v8-js\node-v9.3.0\deps\v8\src\release\obj\v8_base_2\.cc\identity-map.obj
e:\v8-js\node-v9.3.0\deps\v8\src\release\obj\v8_base_2\.cc\interpreter.obj
e:\v8-js\node-v9.3.0\deps\v8\src\release\obj\v8_base_2\.cc\lookup-cache.obj
e:\v8-js\node-v9.3.0\deps\v8\src\release\obj\v8_base_2\.cc\debug-objects.obj
e:\v8-js\node-v9.3.0\deps\v8\src\release\obj\v8_base_2\.cc\preparse-data.obj
e:\v8-js\node-v9.3.0\deps\v8\src\release\obj\v8_base_2\.cc\perf-jit.obj
e:\v8-js\node-v9.3.0\deps\v8\src\release\obj\v8_base_2\.cc\property.obj
e:\v8-js\node-v9.3.0\deps\v8\src\release\obj\v8_base_2\.cc\register-configuration.obj
e:\v8-js\node-v9.3.0\deps\v8\src\release\obj\v8_base_2\.cc\runtime-literals.obj
e:\v8-js\node-v9.3.0\deps\v8\src\release\obj\v8_base_2\.cc\runtime-numbers.obj
e:\v8-js\node-v9.3.0\deps\v8\src\release\obj\v8_base_2\.cc\runtime-wasm.obj
e:\v8-js\node-v9.3.0\deps\v8\src\release\obj\v8_base_2\.cc\traced-value.obj
e:\v8-js\node-v9.3.0\deps\v8\src\release\obj\v8_base_2\.cc\handler-shared.obj
e:\v8-js\node-v9.3.0\deps\v8\src\release\obj\v8_base_2\.cc\v8threads.obj
e:\v8-js\node-v9.3.0\deps\v8\src\release\obj\v8_base_2\.cc\wasm-api.obj
e:\v8-js\node-v9.3.0\deps\v8\src\release\obj\v8_base_2\.cc\wasm-objects.obj
e:\v8-js\node-v9.3.0\deps\v8\src\release\obj\v8_base_2\.cc\assembler-ia32.obj
e:\v8-js\node-v9.3.0\deps\v8\src\release\obj\v8_base_2\.cc\macro-assembler-ia32.obj
e:\v8-js\node-v9.3.0\deps\v8\src\release\obj\v8_base_2\.cc\v8-console-agent-impl.obj
e:\v8-js\node-v9.3.0\deps\v8\src\release\obj\v8_base_2\.cc\v8-debugger-script.obj
e:\v8-js\node-v9.3.0\deps\v8\src\release\obj\v8_base_2\.cc\v8-internal-value-type.obj
e:\v8-js\node-v9.3.0\deps\v8\src\release\obj\v8_base_2\.cc\v8-schema-agent-impl.obj
e:\v8-js\node-v9.3.0\deps\v8\src\release\obj\v8_base_2\.cc\api-arguments.obj
e:\v8-js\node-v9.3.0\deps\v8\src\release\obj\v8_base_2\.cc\context-slot-cache.obj
e:\v8-js\node-v9.3.0\deps\v8\src\release\obj\v8_base_2\.cc\bit-vector.obj
e:\v8-js\node-v9.3.0\deps\v8\src\release\obj\v8_base_2\.cc\builtins-console.obj
e:\v8-js\node-v9.3.0\deps\v8\src\release\obj\v8_base_2\.cc\builtins-intl.obj
e:\v8-js\node-v9.3.0\deps\v8\src\release\obj\v8_base_2\.cc\frame-elider.obj
e:\v8-js\node-v9.3.0\deps\v8\src\release\obj\v8_base_2\.cc\graph-visualizer.obj
e:\v8-js\node-v9.3.0\deps\v8\src\release\obj\v8_base_2\.cc\js-graph.obj
e:\v8-js\node-v9.3.0\deps\v8\src\release\obj\v8_base_2\.cc\live-range-separator.obj
e:\v8-js\node-v9.3.0\deps\v8\src\release\obj\v8_base_2\.cc\pipeline-statistics.obj
e:\v8-js\node-v9.3.0\deps\v8\src\release\obj\v8_base_2\.cc\register-allocator.obj
e:\v8-js\node-v9.3.0\deps\v8\src\release\obj\v8_base_2\.cc\compiler-source-position-table.obj
e:\v8-js\node-v9.3.0\deps\v8\src\release\obj\v8_base_2\.cc\store-store-elimination.obj
e:\v8-js\node-v9.3.0\deps\v8\src\release\obj\v8_base_2\.cc\unoptimized-compile-job.obj
e:\v8-js\node-v9.3.0\deps\v8\src\release\obj\v8_base_2\.cc\elements.obj
e:\v8-js\node-v9.3.0\deps\v8\src\release\obj\v8_base_2\.cc\statistics-extension.obj
e:\v8-js\node-v9.3.0\deps\v8\src\release\obj\v8_base_2\.cc\scavenge-job.obj
e:\v8-js\node-v9.3.0\deps\v8\src\release\obj\v8_base_2\.cc\call-optimization.obj
e:\v8-js\node-v9.3.0\deps\v8\src\release\obj\v8_base_2\.cc\control-flow-builders.obj
e:\v8-js\node-v9.3.0\deps\v8\src\release\obj\v8_base_2\.cc\map-updater.obj
e:\v8-js\node-v9.3.0\deps\v8\src\release\obj\v8_base_2\.cc\parsing.obj
e:\v8-js\node-v9.3.0\deps\v8\src\release\obj\v8_base_2\.cc\preparser.obj
e:\v8-js\node-v9.3.0\deps\v8\src\release\obj\v8_base_2\.cc\interpreter-irregexp.obj
e:\v8-js\node-v9.3.0\deps\v8\src\release\obj\v8_base_2\.cc\regexp-macro-assembler-irregexp.obj
e:\v8-js\node-v9.3.0\deps\v8\src\release\obj\v8_base_2\.cc\regexp-macro-assembler.obj
e:\v8-js\node-v9.3.0\deps\v8\src\release\obj\v8_base_2\.cc\runtime-collections.obj
e:\v8-js\node-v9.3.0\deps\v8\src\release\obj\v8_base_2\.cc\runtime-proxy.obj
e:\v8-js\node-v9.3.0\deps\v8\src\release\obj\v8_base_2\.cc\stub-cache.obj
e:\v8-js\node-v9.3.0\deps\v8\src\release\obj\v8_base_2\.cc\module-compiler.obj
e:\v8-js\node-v9.3.0\deps\v8\src\release\obj\v8_base_2\.cc\wasm-result.obj
e:\v8-js\node-v9.3.0\deps\v8\src\release\obj\v8_base_2\.cc\codegen-ia32.obj
e:\v8-js\node-v9.3.0\deps\v8\src\release\obj\v8_base_2\v8_base_2.pdb
e:\v8-js\node-v9.3.0\deps\v8\src\release\lib\v8_base_2.lib
e:\v8-js\node-v9.3.0\deps\v8\src\release\obj\v8_base_2\v8_base_2.tlog\cl.command.1.tlog
e:\v8-js\node-v9.3.0\deps\v8\src\release\obj\v8_base_2\v8_base_2.tlog\cl.read.1.tlog
e:\v8-js\node-v9.3.0\deps\v8\src\release\obj\v8_base_2\v8_base_2.tlog\cl.write.1.tlog
e:\v8-js\node-v9.3.0\deps\v8\src\release\obj\v8_base_2\v8_base_2.tlog\lib-link.read.1.tlog
e:\v8-js\node-v9.3.0\deps\v8\src\release\obj\v8_base_2\v8_base_2.tlog\lib-link.write.1.tlog
e:\v8-js\node-v9.3.0\deps\v8\src\release\obj\v8_base_2\v8_base_2.tlog\lib.command.1.tlog
