e:\v8-js\node-v9.3.0\tools\icu\release\obj\genrb\rle.obj
e:\v8-js\node-v9.3.0\tools\icu\release\obj\genrb\errmsg.obj
e:\v8-js\node-v9.3.0\tools\icu\release\obj\genrb\rbutil.obj
e:\v8-js\node-v9.3.0\tools\icu\release\obj\genrb\ustr.obj
e:\v8-js\node-v9.3.0\tools\icu\release\obj\genrb\read.obj
e:\v8-js\node-v9.3.0\tools\icu\release\obj\genrb\vc141.pdb
e:\v8-js\node-v9.3.0\tools\icu\release\obj\genrb\prscmnts.obj
e:\v8-js\node-v9.3.0\tools\icu\release\obj\genrb\wrtxml.obj
e:\v8-js\node-v9.3.0\tools\icu\release\obj\genrb\reslist.obj
e:\v8-js\node-v9.3.0\tools\icu\release\obj\genrb\parse.obj
e:\v8-js\node-v9.3.0\tools\icu\release\obj\genrb\genrb.obj
e:\v8-js\node-v9.3.0\tools\icu\release\obj\genrb\wrtjava.obj
e:\v8-js\node-v9.3.0\deps\v8\src\release\genrb.ipdb
e:\v8-js\node-v9.3.0\deps\v8\src\release\genrb.iobj
e:\v8-js\node-v9.3.0\deps\v8\src\release\genrb.exe
e:\v8-js\node-v9.3.0\deps\v8\src\release\genrb.pdb
e:\v8-js\node-v9.3.0\deps\v8\src\release\genrb.map
e:\v8-js\node-v9.3.0\deps\v8\src\release\\genrb.exe
e:\v8-js\node-v9.3.0\tools\icu\release\obj\genrb\genrb.tlog\cl.command.1.tlog
e:\v8-js\node-v9.3.0\tools\icu\release\obj\genrb\genrb.tlog\cl.read.1.tlog
e:\v8-js\node-v9.3.0\tools\icu\release\obj\genrb\genrb.tlog\cl.write.1.tlog
e:\v8-js\node-v9.3.0\tools\icu\release\obj\genrb\genrb.tlog\genrb.write.1u.tlog
e:\v8-js\node-v9.3.0\tools\icu\release\obj\genrb\genrb.tlog\link.command.1.tlog
e:\v8-js\node-v9.3.0\tools\icu\release\obj\genrb\genrb.tlog\link.read.1.tlog
e:\v8-js\node-v9.3.0\tools\icu\release\obj\genrb\genrb.tlog\link.write.1.tlog
