e:\v8-js\node-v9.3.0\deps\v8\src\release\obj\v8_base_0\.cc\string-util.obj
e:\v8-js\node-v9.3.0\deps\v8\src\release\obj\v8_base_0\.cc\v8-injected-script-host.obj
e:\v8-js\node-v9.3.0\deps\v8\src\release\obj\v8_base_0\.cc\v8-stack-trace-impl.obj
e:\v8-js\node-v9.3.0\deps\v8\src\release\obj\v8_base_0\.cc\allocation.obj
e:\v8-js\node-v9.3.0\deps\v8\src\release\obj\v8_base_0\.cc\ast-expression-rewriter.obj
e:\v8-js\node-v9.3.0\deps\v8\src\release\obj\v8_base_0\.cc\modules.obj
e:\v8-js\node-v9.3.0\deps\v8\src\release\obj\v8_base_0\.cc\bootstrapper.obj
e:\v8-js\node-v9.3.0\deps\v8\src\release\obj\v8_base_0\.cc\builtins-object.obj
e:\v8-js\node-v9.3.0\deps\v8\src\release\obj\v8_base_0\.cc\frame-states.obj
e:\v8-js\node-v9.3.0\deps\v8\src\release\obj\v8_base_0\.cc\instruction.obj
e:\v8-js\node-v9.3.0\deps\v8\src\release\obj\v8_base_0\.cc\js-intrinsic-lowering.obj
e:\v8-js\node-v9.3.0\deps\v8\src\release\obj\v8_base_0\.cc\loop-peeling.obj
e:\v8-js\node-v9.3.0\deps\v8\src\release\obj\v8_base_0\.cc\move-optimizer.obj
e:\v8-js\node-v9.3.0\deps\v8\src\release\obj\v8_base_0\.cc\register-allocator-verifier.obj
e:\v8-js\node-v9.3.0\deps\v8\src\release\obj\v8_base_0\.cc\types.obj
e:\v8-js\node-v9.3.0\deps\v8\src\release\obj\v8_base_0\.cc\debug-coverage.obj
e:\v8-js\node-v9.3.0\deps\v8\src\release\obj\v8_base_0\.cc\execution.obj
e:\v8-js\node-v9.3.0\deps\v8\src\release\obj\v8_base_0\.cc\access-compiler.obj
e:\v8-js\node-v9.3.0\deps\v8\src\release\obj\v8_base_0\.cc\constant-array-builder.obj
e:\v8-js\node-v9.3.0\deps\v8\src\release\obj\v8_base_0\.cc\objects-printer.obj
e:\v8-js\node-v9.3.0\deps\v8\src\release\obj\v8_base_0\.cc\preparsed-scope-data.obj
e:\v8-js\node-v9.3.0\deps\v8\src\release\obj\v8_base_0\.cc\profiler-listener.obj
e:\v8-js\node-v9.3.0\deps\v8\src\release\obj\v8_base_0\.cc\runtime-date.obj
e:\v8-js\node-v9.3.0\deps\v8\src\release\obj\v8_base_0\.cc\runtime-operators.obj
e:\v8-js\node-v9.3.0\deps\v8\src\release\obj\v8_base_0\.cc\strtod.obj
e:\v8-js\node-v9.3.0\deps\v8\src\release\obj\v8_base_0\.cc\unicode.obj
e:\v8-js\node-v9.3.0\deps\v8\src\release\obj\v8_base_0\.cc\function-body-decoder.obj
e:\v8-js\node-v9.3.0\deps\v8\src\release\obj\v8_base_0\.cc\wasm-opcodes.obj
e:\v8-js\node-v9.3.0\deps\v8\src\release\obj\v8_base_0\.cc\code-stubs-ia32.obj
e:\v8-js\node-v9.3.0\deps\v8\src\release\obj\v8_base_0\.cc\search-util.obj
e:\v8-js\node-v9.3.0\deps\v8\src\release\obj\v8_base_0\.cc\v8-debugger-agent-impl.obj
e:\v8-js\node-v9.3.0\deps\v8\src\release\obj\v8_base_0\.cc\v8-profiler-agent-impl.obj
e:\v8-js\node-v9.3.0\deps\v8\src\release\obj\v8_base_0\.cc\wasm-translation.obj
e:\v8-js\node-v9.3.0\deps\v8\src\release\obj\v8_base_0\.cc\asm-js.obj
e:\v8-js\node-v9.3.0\deps\v8\src\release\obj\v8_base_0\.cc\compile-time-value.obj
e:\v8-js\node-v9.3.0\deps\v8\src\release\obj\v8_base_0\.cc\basic-block-profiler.obj
e:\v8-js\node-v9.3.0\deps\v8\src\release\obj\v8_base_0\.cc\bignum.obj
e:\v8-js\node-v9.3.0\deps\v8\src\release\obj\v8_base_0\.cc\builtins-callsite.obj
e:\v8-js\node-v9.3.0\deps\v8\src\release\obj\v8_base_0\.cc\builtins-interpreter.obj
e:\v8-js\node-v9.3.0\deps\v8\src\release\obj\v8_base_0\.cc\builtins-symbol.obj
e:\v8-js\node-v9.3.0\deps\v8\src\release\obj\v8_base_0\.cc\frame.obj
e:\v8-js\node-v9.3.0\deps\v8\src\release\obj\v8_base_0\.cc\graph-trimmer.obj
e:\v8-js\node-v9.3.0\deps\v8\src\release\obj\v8_base_0\.cc\js-builtin-reducer.obj
e:\v8-js\node-v9.3.0\deps\v8\src\release\obj\v8_base_0\.cc\js-generic-lowering.obj
e:\v8-js\node-v9.3.0\deps\v8\src\release\obj\v8_base_0\.cc\js-typed-lowering.obj
e:\v8-js\node-v9.3.0\deps\v8\src\release\obj\v8_base_0\.cc\machine-graph-verifier.obj
e:\v8-js\node-v9.3.0\deps\v8\src\release\obj\v8_base_0\.cc\pipeline.obj
e:\v8-js\node-v9.3.0\deps\v8\src\release\obj\v8_base_0\.cc\state-values-utils.obj
e:\v8-js\node-v9.3.0\deps\v8\src\release\obj\v8_base_0\.cc\typed-optimization.obj
e:\v8-js\node-v9.3.0\deps\v8\src\release\obj\v8_base_0\.cc\liveedit.obj
e:\v8-js\node-v9.3.0\deps\v8\src\release\obj\v8_base_0\.cc\dtoa.obj
e:\v8-js\node-v9.3.0\deps\v8\src\release\obj\v8_base_0\.cc\free-buffer-extension.obj
e:\v8-js\node-v9.3.0\deps\v8\src\release\obj\v8_base_0\.cc\trigger-failure-extension.obj
e:\v8-js\node-v9.3.0\deps\v8\src\release\obj\v8_base_0\.cc\factory.obj
e:\v8-js\node-v9.3.0\deps\v8\src\release\obj\v8_base_0\.cc\handler-compiler.obj
e:\v8-js\node-v9.3.0\deps\v8\src\release\obj\v8_base_0\.cc\bytecode-source-info.obj
e:\v8-js\node-v9.3.0\deps\v8\src\release\obj\v8_base_0\.cc\handler-table-builder.obj
e:\v8-js\node-v9.3.0\deps\v8\src\release\obj\v8_base_0\.cc\json-stringifier.obj
e:\v8-js\node-v9.3.0\deps\v8\src\release\obj\v8_base_0\.cc\literal-objects.obj
e:\v8-js\node-v9.3.0\deps\v8\src\release\obj\v8_base_0\.cc\scope-info.obj
e:\v8-js\node-v9.3.0\deps\v8\src\release\obj\v8_base_0\.cc\rewriter.obj
e:\v8-js\node-v9.3.0\deps\v8\src\release\obj\v8_base_0\.cc\allocation-tracker.obj
e:\v8-js\node-v9.3.0\deps\v8\src\release\obj\v8_base_0\.cc\regexp-macro-assembler-tracer.obj
e:\v8-js\node-v9.3.0\deps\v8\src\release\obj\v8_base_0\.cc\runtime-atomics.obj
e:\v8-js\node-v9.3.0\deps\v8\src\release\obj\v8_base_0\.cc\runtime-internal.obj
e:\v8-js\node-v9.3.0\deps\v8\src\release\obj\v8_base_0\.cc\runtime-typedarray.obj
e:\v8-js\node-v9.3.0\deps\v8\src\release\obj\v8_base_0\.cc\trace-event.obj
e:\v8-js\node-v9.3.0\deps\v8\src\release\obj\v8_base_0\.cc\unicode-decoder.obj
e:\v8-js\node-v9.3.0\deps\v8\src\release\obj\v8_base_0\.cc\module-decoder.obj
e:\v8-js\node-v9.3.0\deps\v8\src\release\obj\v8_base_0\.cc\wasm-module.obj
e:\v8-js\node-v9.3.0\deps\v8\src\release\obj\v8_base_0\.cc\cpu-ia32.obj
e:\v8-js\node-v9.3.0\deps\v8\src\release\obj\v8_base_0\.cc\v8-console.obj
e:\v8-js\node-v9.3.0\deps\v8\src\release\obj\v8_base_0\.cc\v8-runtime-agent-impl.obj
e:\v8-js\node-v9.3.0\deps\v8\src\release\obj\v8_base_0\.cc\api-natives.obj
e:\v8-js\node-v9.3.0\deps\v8\src\release\obj\v8_base_0\.cc\ast-value-factory.obj
e:\v8-js\node-v9.3.0\deps\v8\src\release\obj\v8_base_0\.cc\background-parsing-task.obj
e:\v8-js\node-v9.3.0\deps\v8\src\release\obj\v8_base_0\.cc\builtins-dataview.obj
e:\v8-js\node-v9.3.0\deps\v8\src\release\obj\v8_base_0\.cc\cancelable-task.obj
e:\v8-js\node-v9.3.0\deps\v8\src\release\obj\v8_base_0\.cc\escape-analysis.obj
e:\v8-js\node-v9.3.0\deps\v8\src\release\obj\v8_base_0\.cc\graph.obj
e:\v8-js\node-v9.3.0\deps\v8\src\release\obj\v8_base_0\.cc\js-context-specialization.obj
e:\v8-js\node-v9.3.0\deps\v8\src\release\obj\v8_base_0\.cc\js-operator.obj
e:\v8-js\node-v9.3.0\deps\v8\src\release\obj\v8_base_0\.cc\load-elimination.obj
e:\v8-js\node-v9.3.0\deps\v8\src\release\obj\v8_base_0\.cc\new-escape-analysis-reducer.obj
e:\v8-js\node-v9.3.0\deps\v8\src\release\obj\v8_base_0\.cc\redundancy-elimination.obj
e:\v8-js\node-v9.3.0\deps\v8\src\release\obj\v8_base_0\.cc\schedule.obj
e:\v8-js\node-v9.3.0\deps\v8\src\release\obj\v8_base_0\.cc\simplified-lowering.obj
e:\v8-js\node-v9.3.0\deps\v8\src\release\obj\v8_base_0\.cc\compiler-dispatcher-job.obj
e:\v8-js\node-v9.3.0\deps\v8\src\release\obj\v8_base_0\.cc\compiler.obj
e:\v8-js\node-v9.3.0\deps\v8\src\release\obj\v8_base_0\.cc\elements-kind.obj
e:\v8-js\node-v9.3.0\deps\v8\src\release\obj\v8_base_0\.cc\store-buffer.obj
e:\v8-js\node-v9.3.0\deps\v8\src\release\obj\v8_base_0\.cc\ic.obj
e:\v8-js\node-v9.3.0\deps\v8\src\release\obj\v8_base_0\.cc\lookup.obj
e:\v8-js\node-v9.3.0\deps\v8\src\release\obj\v8_base_0\.cc\parser.obj
e:\v8-js\node-v9.3.0\deps\v8\src\release\obj\v8_base_0\.cc\pending-compilation-error-handler.obj
e:\v8-js\node-v9.3.0\deps\v8\src\release\obj\v8_base_0\.cc\regexp-utils.obj
e:\v8-js\node-v9.3.0\deps\v8\src\release\obj\v8_base_0\.cc\runtime-maths.obj
e:\v8-js\node-v9.3.0\deps\v8\src\release\obj\v8_base_0\.cc\serializer-common.obj
e:\v8-js\node-v9.3.0\deps\v8\src\release\obj\v8_base_0\.cc\local-decl-encoder.obj
e:\v8-js\node-v9.3.0\deps\v8\src\release\obj\v8_base_0\.cc\streaming-decoder.obj
e:\v8-js\node-v9.3.0\deps\v8\src\release\obj\v8_base_0\.cc\wasm-text.obj
e:\v8-js\node-v9.3.0\deps\v8\src\release\obj\v8_base_0\.cc\v8-console-message.obj
e:\v8-js\node-v9.3.0\deps\v8\src\release\obj\v8_base_0\.cc\v8-function-call.obj
e:\v8-js\node-v9.3.0\deps\v8\src\release\obj\v8_base_0\.cc\v8-inspector-session-impl.obj
e:\v8-js\node-v9.3.0\deps\v8\src\release\obj\v8_base_0\.cc\accessors.obj
e:\v8-js\node-v9.3.0\deps\v8\src\release\obj\v8_base_0\.cc\ast-numbering.obj
e:\v8-js\node-v9.3.0\deps\v8\src\release\obj\v8_base_0\.cc\scopes.obj
e:\v8-js\node-v9.3.0\deps\v8\src\release\obj\v8_base_0\.cc\builtins-arraybuffer.obj
e:\v8-js\node-v9.3.0\deps\v8\src\release\obj\v8_base_0\.cc\builtins-error.obj
e:\v8-js\node-v9.3.0\deps\v8\src\release\obj\v8_base_0\.cc\builtins-sharedarraybuffer.obj
e:\v8-js\node-v9.3.0\deps\v8\src\release\obj\v8_base_0\.cc\graph-assembler.obj
e:\v8-js\node-v9.3.0\deps\v8\src\release\obj\v8_base_0\.cc\instruction-selector.obj
e:\v8-js\node-v9.3.0\deps\v8\src\release\obj\v8_base_0\.cc\js-inlining.obj
e:\v8-js\node-v9.3.0\deps\v8\src\release\obj\v8_base_0\.cc\linkage.obj
e:\v8-js\node-v9.3.0\deps\v8\src\release\obj\v8_base_0\.cc\machine-operator-reducer.obj
e:\v8-js\node-v9.3.0\deps\v8\src\release\obj\v8_base_0\.cc\property-access-builder.obj
e:\v8-js\node-v9.3.0\deps\v8\src\release\obj\v8_base_0\.cc\select-lowering.obj
e:\v8-js\node-v9.3.0\deps\v8\src\release\obj\v8_base_0\.cc\simplified-operator.obj
e:\v8-js\node-v9.3.0\deps\v8\src\release\obj\v8_base_0\.cc\zone-stats.obj
e:\v8-js\node-v9.3.0\deps\v8\src\release\obj\v8_base_0\.cc\optimizing-compile-dispatcher.obj
e:\v8-js\node-v9.3.0\deps\v8\src\release\obj\v8_base_0\.cc\deoptimizer.obj
e:\v8-js\node-v9.3.0\deps\v8\src\release\obj\v8_base_0\.cc\ignition-statistics-extension.obj
e:\v8-js\node-v9.3.0\deps\v8\src\release\obj\v8_base_0\.cc\scavenger.obj
e:\v8-js\node-v9.3.0\deps\v8\src\release\obj\v8_base_0\.cc\interface-descriptors.obj
e:\v8-js\node-v9.3.0\deps\v8\src\release\obj\v8_base_0\.cc\isolate.obj
e:\v8-js\node-v9.3.0\deps\v8\src\release\obj\v8_base_0\.cc\pattern-rewriter.obj
e:\v8-js\node-v9.3.0\deps\v8\src\release\obj\v8_base_0\.cc\scanner.obj
e:\v8-js\node-v9.3.0\deps\v8\src\release\obj\v8_base_0\.cc\regexp-parser.obj
e:\v8-js\node-v9.3.0\deps\v8\src\release\obj\v8_base_0\.cc\runtime-error.obj
e:\v8-js\node-v9.3.0\deps\v8\src\release\obj\v8_base_0\.cc\runtime-scopes.obj
e:\v8-js\node-v9.3.0\deps\v8\src\release\obj\v8_base_0\.cc\tracing-category-observer.obj
e:\v8-js\node-v9.3.0\deps\v8\src\release\obj\v8_base_0\.cc\value-serializer.obj
e:\v8-js\node-v9.3.0\deps\v8\src\release\obj\v8_base_0\.cc\wasm-interpreter.obj
e:\v8-js\node-v9.3.0\deps\v8\src\release\obj\v8_base_0\.cc\simulator-ia32.obj
e:\v8-js\node-v9.3.0\deps\v8\src\release\obj\v8_base_0\.cc\access-compiler-ia32.obj
e:\v8-js\node-v9.3.0\deps\v8\src\release\obj\v8_base_0\v8_base_0.pdb
e:\v8-js\node-v9.3.0\deps\v8\src\release\lib\v8_base_0.lib
e:\v8-js\node-v9.3.0\deps\v8\src\release\obj\v8_base_0\v8_base_0.tlog\cl.command.1.tlog
e:\v8-js\node-v9.3.0\deps\v8\src\release\obj\v8_base_0\v8_base_0.tlog\cl.read.1.tlog
e:\v8-js\node-v9.3.0\deps\v8\src\release\obj\v8_base_0\v8_base_0.tlog\cl.write.1.tlog
e:\v8-js\node-v9.3.0\deps\v8\src\release\obj\v8_base_0\v8_base_0.tlog\lib-link.read.1.tlog
e:\v8-js\node-v9.3.0\deps\v8\src\release\obj\v8_base_0\v8_base_0.tlog\lib-link.write.1.tlog
e:\v8-js\node-v9.3.0\deps\v8\src\release\obj\v8_base_0\v8_base_0.tlog\lib.command.1.tlog
