e:\v8-js\node-v9.3.0\deps\v8\src\release\obj\v8_base_3\.cpp\runtime.obj
e:\v8-js\node-v9.3.0\deps\v8\src\release\obj\v8_base_3\.cpp\heapprofiler.obj
e:\v8-js\node-v9.3.0\deps\v8\src\release\obj\v8_base_3\.cpp\console.obj
e:\v8-js\node-v9.3.0\deps\v8\src\release\obj\v8_base_3\v8_base_3.pdb
e:\v8-js\node-v9.3.0\deps\v8\src\release\obj\v8_base_3\.cc\api.obj
e:\v8-js\node-v9.3.0\deps\v8\src\release\obj\v8_base_3\.cc\builtins-number.obj
e:\v8-js\node-v9.3.0\deps\v8\src\release\obj\v8_base_3\.cc\compilation-dependencies.obj
e:\v8-js\node-v9.3.0\deps\v8\src\release\obj\v8_base_3\.cc\bytecode-analysis.obj
e:\v8-js\node-v9.3.0\deps\v8\src\release\obj\v8_base_3\.cc\node-cache.obj
e:\v8-js\node-v9.3.0\deps\v8\src\release\obj\v8_base_3\.cc\node.obj
e:\v8-js\node-v9.3.0\deps\v8\src\release\obj\v8_base_3\.cc\wasm-linkage.obj
e:\v8-js\node-v9.3.0\deps\v8\src\release\obj\v8_base_3\.cc\ffi-compiler.obj
e:\v8-js\node-v9.3.0\deps\v8\src\release\obj\v8_base_3\.cc\handles.obj
e:\v8-js\node-v9.3.0\deps\v8\src\release\obj\v8_base_3\.cc\memory-reducer.obj
e:\v8-js\node-v9.3.0\deps\v8\src\release\obj\v8_base_3\.cc\intl.obj
e:\v8-js\node-v9.3.0\deps\v8\src\release\obj\v8_base_3\.cc\bytecode-generator.obj
e:\v8-js\node-v9.3.0\deps\v8\src\release\obj\v8_base_3\.cc\func-name-inferrer.obj
e:\v8-js\node-v9.3.0\deps\v8\src\release\obj\v8_base_3\.cc\property-descriptor.obj
e:\v8-js\node-v9.3.0\deps\v8\src\release\obj\v8_base_3\.cc\runtime-function.obj
e:\v8-js\node-v9.3.0\deps\v8\src\release\obj\v8_base_3\.cc\runtime-test.obj
e:\v8-js\node-v9.3.0\deps\v8\src\release\obj\v8_base_3\.cc\natives-common.obj
e:\v8-js\node-v9.3.0\deps\v8\src\release\obj\v8_base_3\.cc\source-position-table.obj
e:\v8-js\node-v9.3.0\deps\v8\src\release\obj\v8_base_3\.cc\version.obj
e:\v8-js\node-v9.3.0\deps\v8\src\release\obj\v8_base_3\.cc\accounting-allocator.obj
e:\v8-js\node-v9.3.0\deps\v8\src\release\obj\v8_base_3\.cc\debug-ia32.obj
e:\v8-js\node-v9.3.0\deps\v8\src\release\obj\v8_base_3\.cc\inspected-context.obj
e:\v8-js\node-v9.3.0\deps\v8\src\release\obj\v8_base_3\.cc\assert-scope.obj
e:\v8-js\node-v9.3.0\deps\v8\src\release\obj\v8_base_3\.cc\builtins-call.obj
e:\v8-js\node-v9.3.0\deps\v8\src\release\obj\v8_base_3\.cc\builtins.obj
e:\v8-js\node-v9.3.0\deps\v8\src\release\obj\v8_base_3\.cc\code-stubs.obj
e:\v8-js\node-v9.3.0\deps\v8\src\release\obj\v8_base_3\.cc\code-assembler.obj
e:\v8-js\node-v9.3.0\deps\v8\src\release\obj\v8_base_3\.cc\operator.obj
e:\v8-js\node-v9.3.0\deps\v8\src\release\obj\v8_base_3\.cc\contexts.obj
e:\v8-js\node-v9.3.0\deps\v8\src\release\obj\v8_base_3\.cc\debug-stack-trace-iterator.obj
e:\v8-js\node-v9.3.0\deps\v8\src\release\obj\v8_base_3\.cc\global-handles.obj
e:\v8-js\node-v9.3.0\deps\v8\src\release\obj\v8_base_3\.cc\concurrent-marking.obj
e:\v8-js\node-v9.3.0\deps\v8\src\release\obj\v8_base_3\.cc\object-stats.obj
e:\v8-js\node-v9.3.0\deps\v8\src\release\obj\v8_base_3\.cc\bytecode-array-random-iterator.obj
e:\v8-js\node-v9.3.0\deps\v8\src\release\obj\v8_base_3\.cc\bytecode-register.obj
e:\v8-js\node-v9.3.0\deps\v8\src\release\obj\v8_base_3\.cc\log.obj
e:\v8-js\node-v9.3.0\deps\v8\src\release\obj\v8_base_3\.cc\profile-generator.obj
e:\v8-js\node-v9.3.0\deps\v8\src\release\obj\v8_base_3\.cc\runtime-intl.obj
e:\v8-js\node-v9.3.0\deps\v8\src\release\obj\v8_base_3\.cc\runtime-object.obj
e:\v8-js\node-v9.3.0\deps\v8\src\release\obj\v8_base_3\.cc\code-serializer.obj
e:\v8-js\node-v9.3.0\deps\v8\src\release\obj\v8_base_3\.cc\snapshot-common.obj
e:\v8-js\node-v9.3.0\deps\v8\src\release\obj\v8_base_3\.cc\v8.obj
e:\v8-js\node-v9.3.0\deps\v8\src\release\obj\v8_base_3\.cc\asm-types.obj
e:\v8-js\node-v9.3.0\deps\v8\src\release\obj\v8_base_3\.cc\assembler.obj
e:\v8-js\node-v9.3.0\deps\v8\src\release\obj\v8_base_3\.cc\builtins-regexp.obj
e:\v8-js\node-v9.3.0\deps\v8\src\release\obj\v8_base_3\.cc\compilation-statistics.obj
e:\v8-js\node-v9.3.0\deps\v8\src\release\obj\v8_base_3\.cc\basic-block-instrumentor.obj
e:\v8-js\node-v9.3.0\deps\v8\src\release\obj\v8_base_3\.cc\dead-code-elimination.obj
e:\v8-js\node-v9.3.0\deps\v8\src\release\obj\v8_base_3\.cc\verifier.obj
e:\v8-js\node-v9.3.0\deps\v8\src\release\obj\v8_base_3\.cc\debug-scope-iterator.obj
e:\v8-js\node-v9.3.0\deps\v8\src\release\obj\v8_base_3\.cc\futex-emulation.obj
e:\v8-js\node-v9.3.0\deps\v8\src\release\obj\v8_base_3\.cc\incremental-marking.obj
e:\v8-js\node-v9.3.0\deps\v8\src\release\obj\v8_base_3\.cc\bytecodes.obj
e:\v8-js\node-v9.3.0\deps\v8\src\release\obj\v8_base_3\.cc\bytecode-decoder.obj
e:\v8-js\node-v9.3.0\deps\v8\src\release\obj\v8_base_3\.cc\module.obj
e:\v8-js\node-v9.3.0\deps\v8\src\release\obj\v8_base_3\.cc\tracing-cpu-profiler.obj
e:\v8-js\node-v9.3.0\deps\v8\src\release\obj\v8_base_3\.cc\runtime-array.obj
e:\v8-js\node-v9.3.0\deps\v8\src\release\obj\v8_base_3\.cc\runtime-regexp.obj
e:\v8-js\node-v9.3.0\deps\v8\src\release\obj\v8_base_3\.cc\partial-deserializer.obj
e:\v8-js\node-v9.3.0\deps\v8\src\release\obj\v8_base_3\.cc\string-builder.obj
e:\v8-js\node-v9.3.0\deps\v8\src\release\obj\v8_base_3\.cc\frame-constants-ia32.obj
e:\v8-js\node-v9.3.0\deps\v8\src\release\obj\v8_base_3\.cc\asm-parser.obj
e:\v8-js\node-v9.3.0\deps\v8\src\release\obj\v8_base_3\.cc\builtins-api.obj
e:\v8-js\node-v9.3.0\deps\v8\src\release\obj\v8_base_3\.cc\builtins-internal.obj
e:\v8-js\node-v9.3.0\deps\v8\src\release\obj\v8_base_3\.cc\code-factory.obj
e:\v8-js\node-v9.3.0\deps\v8\src\release\obj\v8_base_3\.cc\access-info.obj
e:\v8-js\node-v9.3.0\deps\v8\src\release\obj\v8_base_3\.cc\bytecode-liveness-map.obj
e:\v8-js\node-v9.3.0\deps\v8\src\release\obj\v8_base_3\.cc\common-operator-reducer.obj
e:\v8-js\node-v9.3.0\deps\v8\src\release\obj\v8_base_3\.cc\control-equivalence.obj
e:\v8-js\node-v9.3.0\deps\v8\src\release\obj\v8_base_3\.cc\node-matchers.obj
e:\v8-js\node-v9.3.0\deps\v8\src\release\obj\v8_base_3\.cc\operation-typer.obj
e:\v8-js\node-v9.3.0\deps\v8\src\release\obj\v8_base_3\.cc\date.obj
e:\v8-js\node-v9.3.0\deps\v8\src\release\obj\v8_base_3\.cc\disassembler.obj
e:\v8-js\node-v9.3.0\deps\v8\src\release\obj\v8_base_3\.cc\field-type.obj
e:\v8-js\node-v9.3.0\deps\v8\src\release\obj\v8_base_3\.cc\array-buffer-tracker.obj
e:\v8-js\node-v9.3.0\deps\v8\src\release\obj\v8_base_3\.cc\gc-tracer.obj
e:\v8-js\node-v9.3.0\deps\v8\src\release\obj\v8_base_3\.cc\mark-compact.obj
e:\v8-js\node-v9.3.0\deps\v8\src\release\obj\v8_base_3\.cc\bytecode-array-builder.obj
e:\v8-js\node-v9.3.0\deps\v8\src\release\obj\v8_base_3\.cc\bytecode-node.obj
e:\v8-js\node-v9.3.0\deps\v8\src\release\obj\v8_base_3\.cc\keys.obj
e:\v8-js\node-v9.3.0\deps\v8\src\release\obj\v8_base_3\.cc\heap-profiler.obj
e:\v8-js\node-v9.3.0\deps\v8\src\release\obj\v8_base_3\.cc\strings-storage.obj
e:\v8-js\node-v9.3.0\deps\v8\src\release\obj\v8_base_3\.cc\regexp-ast.obj
e:\v8-js\node-v9.3.0\deps\v8\src\release\obj\v8_base_3\.cc\runtime-compiler.obj
e:\v8-js\node-v9.3.0\deps\v8\src\release\obj\v8_base_3\.cc\runtime-liveedit.obj
e:\v8-js\node-v9.3.0\deps\v8\src\release\obj\v8_base_3\.cc\runtime.obj
e:\v8-js\node-v9.3.0\deps\v8\src\release\obj\v8_base_3\.cc\serializer.obj
e:\v8-js\node-v9.3.0\deps\v8\src\release\obj\v8_base_3\.cc\startup-deserializer.obj
e:\v8-js\node-v9.3.0\deps\v8\src\release\obj\v8_base_3\.cc\transitions.obj
e:\v8-js\node-v9.3.0\deps\v8\src\release\obj\v8_base_3\.cc\wasm-external-refs.obj
e:\v8-js\node-v9.3.0\deps\v8\src\release\obj\v8_base_3\.cc\zone.obj
e:\v8-js\node-v9.3.0\deps\v8\src\release\obj\v8_base_3\.cc\code-generator-ia32.obj
e:\v8-js\node-v9.3.0\deps\v8\src\release\lib\v8_base_3.lib
e:\v8-js\node-v9.3.0\deps\v8\src\release\obj\v8_base_3\v8_base_3.tlog\cl.command.1.tlog
e:\v8-js\node-v9.3.0\deps\v8\src\release\obj\v8_base_3\v8_base_3.tlog\cl.read.1.tlog
e:\v8-js\node-v9.3.0\deps\v8\src\release\obj\v8_base_3\v8_base_3.tlog\cl.write.1.tlog
e:\v8-js\node-v9.3.0\deps\v8\src\release\obj\v8_base_3\v8_base_3.tlog\lib-link.read.1.tlog
e:\v8-js\node-v9.3.0\deps\v8\src\release\obj\v8_base_3\v8_base_3.tlog\lib-link.write.1.tlog
e:\v8-js\node-v9.3.0\deps\v8\src\release\obj\v8_base_3\v8_base_3.tlog\lib.command.1.tlog
